#---------------------------------------------------------------------
# start session at Mon Dec 13 21:48:53 2021
# Exec path is /home/vlsi/Installation/Nitro/nitroPack-2019.1.R2a/nitro/arch/linux/x86_64/2.12/64/bin
#---------------------------------------------------------------------
--------------------------------------------------------------------------------
|    Nitro-SoC version 2019.1.R2 1.68700.2.290 Fri Nov 29 21:06:00 PST 2019    | 
| Running on localhost.localdomain 1core 3.8GBytes 2.3GHz 64bits mode pid 5426 | 
|             Copyright (c) 2003-2019 Mentor Graphics Corporation              | 
|                             All Rights Reserved                              | 
|         THIS WORK CONTAINS TRADE SECRET AND PROPRIETARY INFORMATION          | 
|             WHICH IS THE PROPERTY OF MENTOR GRAPHICS CORPORATION             | 
|              OR ITS LICENSORS AND IS SUBJECT TO LICENSE TERMS.               | 
--------------------------------------------------------------------------------

Nitro-SoC> exit
#---------------------------------------------------------------------
# end session at Mon Dec 13 21:49:03 2021
#---------------------------------------------------------------------
#---------------------------------------------------------------------
# start session at Fri Dec 24 17:28:50 2021
# Exec path is /home/vlsi/Installation/Nitro/nitroPack-2019.1.R2a/nitro/arch/linux/x86_64/2.12/64/bin
#---------------------------------------------------------------------
--------------------------------------------------------------------------
| Nitro-SoC version 2019.1.R2 1.68700.2.290 Fri Nov 29 21:06:00 PST 2019 | 
| Running on 192.168.146.128 1core 1.9GBytes 2.0GHz 64bits mode pid 4063 | 
|          Copyright (c) 2003-2019 Mentor Graphics Corporation           | 
|                          All Rights Reserved                           | 
|      THIS WORK CONTAINS TRADE SECRET AND PROPRIETARY INFORMATION       | 
|          WHICH IS THE PROPERTY OF MENTOR GRAPHICS CORPORATION          | 
|           OR ITS LICENSORS AND IS SUBJECT TO LICENSE TERMS.            | 
--------------------------------------------------------------------------

Nitro-SoC> setup_nrf
Loading utility util::nrf_utils
NRF info: Copying flow scripts in dir               : ./flow_scripts
NRF info: Copying utilities and templates in dir    : ./scr
NRF info: Please update/review                     : ./scr/ocv.tcl
NRF info: If applicable please provide             : ./scr/reload_constraints_clock.tcl
NRF info: Existing import_variables.tcl not found; copying template.
NRF info: Existing flow_variables.tcl not found; copying template.
NRF info: Existing floorplan_variables.tcl not found; copying template.
NRF info: Existing nrf_customization.tcl not found; copying template.
NRF info: Creating run_nrf.csh which can be used to launch the NRF.
info UI54: redirecting output of 
            puts "#!/bin/csh

set nitro_ver = \"$nitro_ver\" 
set flow_ver = \"[pwd]/flow_scripts\"

######################################
## To append to existing log & jou  ##
## files, set to true               ##
######################################
set append_log = false

###################################### 
## Set the stages to be run to true ##
## To skip a stage, set it to false ##
###################################### 
set import = true
set place  = true
set clock  = true
set route  = true
set export = true

###################################### 
##  Remainder of script should not  ##
##  require modification            ##
###################################### 

set prev_stage = null
set stage_num = 0

foreach stage (import place clock route export)
    set run_stage = `eval echo \\\$\$stage`
    set stage_name = \${stage_num}_\${stage}
    if ( \$run_stage == true ) then
        if ( \$stage != import && \$prev_stage != null ) then
            if (! -d dbs/\${prev_stage}.db ) then
                echo \"\\nNRF_RUN error: Could not find \${prev_stage}.db.  Cannot run \$stage stage.\\n\"
                exit
            endif
        endif
        if ( -d dbs/\${stage}.db ) then
            set dstamp = `eval date -r dbs/\${stage}.db +\%m_\%d_\%Y.\%H_\%M_\%S`
            echo \"NRF_RUN info: Found existing dbs/\${stage}.db.  Moving to dbs/\${stage}_\${dstamp}.db.\"
            /bin/mv dbs/\${stage}.db dbs/\${stage}.\${dstamp}.db
        endif

        if ( \$append_log == false ) then
            if ( -f ./LOGs/\${stage_name}_nitro.log ) then
                set dstamp = `eval date -r ./LOGs/\${stage_name}_nitro.log +\%m_\%d_\%Y.\%H_\%M_\%S`
                /bin/mv ./LOGs/\${stage_name}_nitro.log ./LOGs/\${stage_name}.\${dstamp}.log
            endif
            if ( -f ./JOUs/\${stage_name}.jou ) then
                set dstamp = `eval date -r ./JOUs/\${stage_name}.jou +\%m_\%d_\%Y.\%H_\%M_\%S`
                /bin/mv ./JOUs/\${stage_name}.jou ./JOUs/\${stage_name}.\${dstamp}.jou
            endif
        endif

        \$nitro_ver -source \$flow_ver/\${stage_name}.tcl -log ./LOGs/\${stage_name}_nitro.log -journal ./JOUs/\${stage_name}.jou -app_log \$append_log -app_jou \$append_log
    endif

    set prev_stage = \$stage
    @ stage_num++
end

exit
"
 to run_nrf.csh
NRF info: 
info UI155: Nitro-SoC terminated with exit status of 3 (abort).
#---------------------------------------------------------------------
# end session at Fri Dec 24 17:29:32 2021
#---------------------------------------------------------------------
#---------------------------------------------------------------------
# start session at Fri Dec 24 17:30:56 2021
# Exec path is /home/vlsi/Installation/Nitro/nitroPack-2019.1.R2a/nitro/arch/linux/x86_64/2.12/64/bin
#---------------------------------------------------------------------
--------------------------------------------------------------------------
| Nitro-SoC version 2019.1.R2 1.68700.2.290 Fri Nov 29 21:06:00 PST 2019 | 
| Running on 192.168.146.128 1core 1.9GBytes 2.0GHz 64bits mode pid 4241 | 
|          Copyright (c) 2003-2019 Mentor Graphics Corporation           | 
|                          All Rights Reserved                           | 
|      THIS WORK CONTAINS TRADE SECRET AND PROPRIETARY INFORMATION       | 
|          WHICH IS THE PROPERTY OF MENTOR GRAPHICS CORPORATION          | 
|           OR ITS LICENSORS AND IS SUBJECT TO LICENSE TERMS.            | 
--------------------------------------------------------------------------


LOGs/nitro.log, current date/time: Fri Dec 24 17:31:17 2021
version 2019.1.R2 1.68700.2.290 Fri Nov 29 21:06:00 PST 2019
host 192.168.146.128, pid 4241, ppid 1

Stack trace of thread 4241 'gmain_exec'

#0 (0x0737025f) (null) : _ZN3sda6common14PrintAllStacksEv line: 0
#1 (0x010a9362) (null) : _ZN15GMainSigHandler13signalHandlerEi line: 0
#2 (0x7f17d8b98400) (null) : stat line: 0
#3 (0x7f17d8c55ddd) (null) : stat line: 0
#4 (0x7f17dd9a33fc) (null) : stat line: 0
#5 (0x7f17dd9a352c) (null) : stat line: 0
#6 (0x07c86665) (null) : _ZN20QEventDispatcherGlib13processEventsE6QFlagsIN10QEventLoop17ProcessEventsFlagEE line: 0
#7 (0x0757d906) (null) : _ZN23QGuiEventDispatcherGlib13processEventsE6QFlagsIN10QEventLoop17ProcessEventsFlagEE line: 0
#8 (0x07c6397f) (null) : _ZN10QEventLoop13processEventsE6QFlagsINS_17ProcessEventsFlagEE line: 0
#9 (0x07c63c0d) (null) : _ZN10QEventLoop4execE6QFlagsINS_17ProcessEventsFlagEE line: 0
#10 (0x07c6802b) (null) : _ZN16QCoreApplication4execEv line: 0
#11 (0x010ac995) (null) : _ZN5GMain14runApplicationEv line: 0
#12 (0x0046aecd) (null) : main line: 0
#13 (0x7f17d8b84555) (null) : stat line: 0
#14 (0x0108f4a5) (null) : _start line: 0


Stack trace of thread 4249 'gmain_exec'

#0 (0x0736f4ff) SierraBFD.cpp : _ZN3sda6commonL26print_stack_signal_handlerEiP7siginfoPv line: 0
#1 (0x7f17dbfa5630) (null) : stat line: 0
#2 (0x7f17dbfa1a33) (null) : stat line: 0
#3 (0x7f17d92e55ac) (null) : stat line: 0
#4 (0x0736fe2d) SierraBFD.cpp : _ZN3sda6commonL21freeze_signal_handlerEiP7siginfoPv line: 0
#5 (0x7f17dbfa5630) (null) : stat line: 0
#6 (0x7f17d8c57b43) (null) : stat line: 0
#7 (0x7f17dc6eb20c) (null) : stat line: 0
#8 (0x7f17dbf9dea5) (null) : stat line: 0
#9 (0x7f17d8c60b0d) (null) : stat line: 0


Stack trace of thread 4287 'TermCmdLine'

#0 (0x0736f4ff) SierraBFD.cpp : _ZN3sda6commonL26print_stack_signal_handlerEiP7siginfoPv line: 0
#1 (0x7f17dbfa5630) (null) : stat line: 0
#2 (0x7f17dbfa1a33) (null) : stat line: 0
#3 (0x7f17d92e55ac) (null) : stat line: 0
#4 (0x0736fe2d) SierraBFD.cpp : _ZN3sda6commonL21freeze_signal_handlerEiP7siginfoPv line: 0
#5 (0x7f17dbfa5630) (null) : stat line: 0
#6 (0x7f17dbfa1de2) (null) : stat line: 0
#7 (0x07b92bfa) qthread_unix.cpp : _ZL12thread_sleepP8timespec line: 0
#8 (0x07b9312d) (null) : _ZN7QThread6msleepEm line: 0
#9 (0x0112200e) (null) : _ZN20GMainTerminalCmdLine10event_hookEv line: 0
#10 (0x7f17dc1cef81) (null) : stat line: 0
#11 (0x7f17dc1c2327) (null) : stat line: 0
#12 (0x7f17dc1c247c) (null) : stat line: 0
#13 (0x7f17dc1bdd63) (null) : stat line: 0
#14 (0x7f17dc1cf7b0) (null) : stat line: 0
#15 (0x011234fc) (null) : _ZN20GMainTerminalCmdLine15commandLineLoopEv line: 0
#16 (0x01124254) (null) : _ZN20GMainTerminalCmdLine3runEv line: 0
#17 (0x07b93a45) (null) : _ZN14QThreadPrivate5startEPv line: 0
#18 (0x7f17dbf9dea5) (null) : stat line: 0
#19 (0x7f17d8c60b0d) (null) : stat line: 0

error UI158: Can't read or write to the terminal.
info UI155: Nitro-SoC terminated with exit status of 2 (fatal).
#---------------------------------------------------------------------
# end session at Fri Dec 24 17:31:19 2021
#---------------------------------------------------------------------
