Report Physical info: 
------------------------+---------------------+-----------+------------
                        |                     |Area (squm)|Leakage (uW)
------------------------+---------------------+-----------+------------
Design Name             |carry_lookahead_adder|           |            
  Total Instances       |                   77|         90|       0.463
    Macros              |                    0|          0|       0.000
    Pads                |                    0|          0|       0.000
    Phys                |                    0|          0|       0.000
    Blackboxes          |                    0|          0|       0.000
    Cells               |                   77|         90|       0.463
      Buffers           |                    0|          0|       0.000
      Inverters         |                    3|          2|       0.008
      Clock-Gates       |                    0|          0|       0.000
      Combinational     |                   74|         89|       0.455
      Latches           |                    0|          0|       0.000
      FlipFlops         |                    0|          0|       0.000
       Single-Bit FF    |                    0|          0|       0.000
       Multi-Bit FF     |                    0|          0|       0.000
       Clock-Gated      |                    0|           |            
       Bits             |                    0|          0|       0.000
         Load-Enabled   |                    0|           |            
         Clock-Gated    |                    0|           |            
  Tristate Pin Count    |                    0|           |            
Physical Info           |Placed               |           |            
  Chip Size (mm x mm)   |0.072 x 0.072        |       5221|            
  Fixed Cell Area       |                     |          0|            
    Phys Only           |                    0|          0|            
  Placeable Area        |                     |        136|            
  Movable Cell Area     |                     |         90|            
  Utilization (%)       |                   66|           |            
  Chip Utilization (%)  |                   66|           |            
  Total Wire Length (mm)|                1.807|           |            
  Longest Wire (mm)     |                0.038|           |            
  Average Wire (mm)     |                0.037|           |            
------------------------+---------------------+-----------+------------
