warning: No library characterized for (process = 1.00 voltage = 0.85 temperature = -40.00) can be found in the database for power domain '/PD_TOP'  [NL-174]
Report Power (instances with prefix '*' are included in total) : 
-----+----------+--------------------+---------------------+-------------------+-----------------
     | Instance | Internal Power(uw) | Switching Power(uw) | Leakage Power(uw) | Total Power(uw) 
-----+----------+--------------------+---------------------+-------------------+-----------------
1    |*i_0_0_0  |            1.060208|             3.338322|           0.007821|         4.406352
2    |*i_0_0_1  |            1.185559|             3.336288|           0.008181|         4.530029
3    |*i_0_0_2  |            1.043705|             0.955882|           0.007821|         2.007409
4    |*i_0_0_3  |            1.030491|             3.342242|           0.008181|         4.380914
5    |*i_0_0_4  |            1.021285|             0.956296|           0.008181|         1.985762
6    |*i_0_0_5  |            1.107090|             3.342244|           0.008181|         4.457516
7    |*i_0_0_6  |            1.043705|             0.955882|           0.007821|         2.007409
8    |*i_0_0_7  |            1.063331|             3.338613|           0.008181|         4.410126
9    |*i_0_0_8  |            1.021285|             0.956296|           0.008181|         1.985762
10   |*i_0_0_9  |            1.080001|             3.340650|           0.008181|         4.428832
11   |*i_0_0_10 |            1.021285|             0.956296|           0.008181|         1.985762
12   |*i_0_0_11 |            1.088654|             3.344569|           0.008181|         4.441404
13   |*i_0_0_12 |            1.021285|             0.956296|           0.008181|         1.985762
14   |*i_0_0_13 |            1.093612|             3.344569|           0.008181|         4.446362
15   |*i_0_0_14 |            1.021285|             0.956296|           0.008181|         1.985762
16   |*i_0_0_15 |            1.096423|             3.346457|           0.008181|         4.451063
17   |*i_0_0_16 |            1.021285|             0.956296|           0.008181|         1.985762
18   |*i_0_0_17 |            1.069624|             3.344424|           0.008181|         4.422229
19   |*i_0_0_18 |            1.043705|             0.955882|           0.007821|         2.007409
20   |*i_0_0_19 |            1.083668|             3.350377|           0.008181|         4.442226
21   |*i_0_0_20 |            1.021285|             0.956296|           0.008181|         1.985762
22   |*i_0_0_21 |            1.091647|             3.350379|           0.008181|         4.450208
23   |*i_0_0_22 |            1.021285|             0.956296|           0.008181|         1.985762
24   |*i_0_0_23 |            1.095320|             3.346748|           0.008181|         4.450250
25   |*i_0_0_24 |            1.021285|             0.956296|           0.008181|         1.985762
26   |*i_0_0_25 |            1.097386|             3.348784|           0.008181|         4.454352
27   |*i_0_0_26 |            1.021285|             0.956296|           0.008181|         1.985762
28   |*i_0_0_27 |            1.069076|             3.352704|           0.008181|         4.429961
29   |*i_0_0_28 |            1.043705|             0.955882|           0.007821|         2.007409
30   |*i_0_0_29 |            1.083958|             3.352704|           0.008181|         4.444843
31   |*i_0_0_30 |            1.021285|             0.956296|           0.008181|         1.985762
32   |*i_0_0_31 |            0.507052|             3.320443|           0.003931|         3.831427
33   |*i_0_0_32 |            0.624010|             0.948456|           0.005333|         1.577798
34   |*i_0_0_33 |            0.644057|             1.829160|           0.005333|         2.478550
35   |*i_0_0_34 |            0.375179|             0.754464|           0.005012|         1.134656
36   |*i_0_0_35 |            0.352084|             0.736263|           0.003931|         1.092278
37   |*i_0_0_36 |            0.351670|             0.695605|           0.003931|         1.051207
38   |*i_0_0_37 |            0.647980|             1.770209|           0.005333|         2.423522
39   |*i_0_0_38 |            0.298664|             0.859502|           0.002775|         1.160942
40   |*i_0_0_39 |            0.574650|             4.851983|           0.006839|         5.433472
41   |*i_0_0_40 |            0.505079|             1.780707|           0.003931|         2.289717
42   |*i_0_0_41 |            0.633633|             0.961911|           0.005333|         1.600877
43   |*i_0_0_42 |            0.351670|             0.695605|           0.003931|         1.051207
44   |*i_0_0_43 |            0.506300|             1.792225|           0.003931|         2.302457
45   |*i_0_0_44 |            0.630710|             0.957248|           0.005333|         1.593291
46   |*i_0_0_45 |            0.508170|             1.799680|           0.003931|         2.311781
47   |*i_0_0_46 |            0.623713|             0.947994|           0.005333|         1.577041
48   |*i_0_0_47 |            0.644193|             1.829547|           0.005333|         2.479073
49   |*i_0_0_48 |            0.375179|             0.754464|           0.005012|         1.134656
50   |*i_0_0_49 |            0.352084|             0.736263|           0.003931|         1.092278
51   |*i_0_0_50 |            0.351670|             0.695605|           0.003931|         1.051207
52   |*i_0_0_51 |            0.648114|             1.770296|           0.005333|         2.423744
53   |*i_0_0_52 |            0.299533|             0.862000|           0.002775|         1.164308
54   |*i_0_0_53 |            0.576400|             4.866085|           0.006839|         5.449324
55   |*i_0_0_54 |            0.505669|             1.782975|           0.003931|         2.292576
56   |*i_0_0_55 |            0.632299|             0.959775|           0.005333|         1.597408
57   |*i_0_0_56 |            0.351670|             0.695605|           0.003931|         1.051207
58   |*i_0_0_57 |            0.507226|             1.795876|           0.003931|         2.307033
59   |*i_0_0_58 |            0.628060|             0.953067|           0.005333|         1.586460
60   |*i_0_0_59 |            0.509424|             1.804912|           0.003931|         2.318267
61   |*i_0_0_60 |            0.619219|             0.939348|           0.005333|         1.563900
62   |*i_0_0_61 |            0.511502|             1.815106|           0.003931|         2.330539
63   |*i_0_0_62 |            0.598339|             0.909289|           0.005333|         1.512962
64   |*i_0_0_63 |            0.351670|             0.695605|           0.003931|         1.051207
65   |*i_0_0_64 |            0.351670|             0.695605|           0.003931|         1.051207
66   |*i_0_0_65 |            0.647901|             1.834499|           0.005333|         2.487734
67   |*i_0_0_66 |            0.375179|             0.754464|           0.005012|         1.134656
68   |*i_0_0_67 |            0.352084|             0.736263|           0.003931|         1.092278
69   |*i_0_0_68 |            0.629987|             1.709444|           0.005333|         2.344764
70   |*i_0_0_69 |            0.337035|             0.969926|           0.002775|         1.309737
71   |*i_0_0_70 |            0.645138|             5.475340|           0.006839|         6.127317
72   |*i_0_0_71 |            0.665364|             1.743233|           0.005333|         2.413931
73   |*i_0_0_72 |            0.373420|             0.685768|           0.005012|         1.064200
74   |*i_0_0_73 |            0.352084|             0.736263|           0.003931|         1.092278
75   |*i_0_0_74 |            0.357651|             1.381599|           0.003931|         1.743181
76   |*i_0_0_75 |            0.351670|             0.695605|           0.003931|         1.051207
77   |*i_0_0_76 |            0.351670|             0.695605|           0.003931|         1.051207
78   |          |                    |                     |                   |                 
79   |*TOTAL    |           55.192757|           134.543762|           0.463272|       190.199783
-----+----------+--------------------+---------------------+-------------------+-----------------
