#---------------------------------------------------------------------
# start session at Fri Dec 24 19:23:51 2021
# Exec path is /home/vlsi/Installation/Nitro/nitroPack-2019.1.R2a/nitro/arch/linux/x86_64/2.12/64/bin
#---------------------------------------------------------------------
--------------------------------------------------------------------------
| Nitro-SoC version 2019.1.R2 1.68700.2.290 Fri Nov 29 21:06:00 PST 2019 | 
| Running on 192.168.146.128 1core 1.9GBytes 2.0GHz 64bits mode pid 8467 | 
|          Copyright (c) 2003-2019 Mentor Graphics Corporation           | 
|                          All Rights Reserved                           | 
|      THIS WORK CONTAINS TRADE SECRET AND PROPRIETARY INFORMATION       | 
|          WHICH IS THE PROPERTY OF MENTOR GRAPHICS CORPORATION          | 
|           OR ITS LICENSORS AND IS SUBJECT TO LICENSE TERMS.            | 
--------------------------------------------------------------------------

Nitro-SoC> setup_nrf
Loading utility util::nrf_utils
NRF info: Copying flow scripts in dir               : ./flow_scripts
NRF info: Copying utilities and templates in dir    : ./scr
NRF info: Please update/review                     : ./scr/ocv.tcl
NRF info: If applicable please provide             : ./scr/reload_constraints_clock.tcl
NRF info: Will not overwrite existing file import_variables.tcl
NRF info: Will not overwrite existing file flow_variables.tcl
NRF info: Will not overwrite existing file floorplan_variables.tcl
NRF info: Existing nrf_customization.tcl not found; copying template.
NRF info: Creating run_nrf.csh which can be used to launch the NRF.
info UI54: redirecting output of 
            puts "#!/bin/csh

set nitro_ver = \"$nitro_ver\" 
set flow_ver = \"[pwd]/flow_scripts\"

######################################
## To append to existing log & jou  ##
## files, set to true               ##
######################################
set append_log = false

###################################### 
## Set the stages to be run to true ##
## To skip a stage, set it to false ##
###################################### 
set import = true
set place  = true
set clock  = true
set route  = true
set export = true

###################################### 
##  Remainder of script should not  ##
##  require modification            ##
###################################### 

set prev_stage = null
set stage_num = 0

foreach stage (import place clock route export)
    set run_stage = `eval echo \\\$\$stage`
    set stage_name = \${stage_num}_\${stage}
    if ( \$run_stage == true ) then
        if ( \$stage != import && \$prev_stage != null ) then
            if (! -d dbs/\${prev_stage}.db ) then
                echo \"\\nNRF_RUN error: Could not find \${prev_stage}.db.  Cannot run \$stage stage.\\n\"
                exit
            endif
        endif
        if ( -d dbs/\${stage}.db ) then
            set dstamp = `eval date -r dbs/\${stage}.db +\%m_\%d_\%Y.\%H_\%M_\%S`
            echo \"NRF_RUN info: Found existing dbs/\${stage}.db.  Moving to dbs/\${stage}_\${dstamp}.db.\"
            /bin/mv dbs/\${stage}.db dbs/\${stage}.\${dstamp}.db
        endif

        if ( \$append_log == false ) then
            if ( -f ./LOGs/\${stage_name}_nitro.log ) then
                set dstamp = `eval date -r ./LOGs/\${stage_name}_nitro.log +\%m_\%d_\%Y.\%H_\%M_\%S`
                /bin/mv ./LOGs/\${stage_name}_nitro.log ./LOGs/\${stage_name}.\${dstamp}.log
            endif
            if ( -f ./JOUs/\${stage_name}.jou ) then
                set dstamp = `eval date -r ./JOUs/\${stage_name}.jou +\%m_\%d_\%Y.\%H_\%M_\%S`
                /bin/mv ./JOUs/\${stage_name}.jou ./JOUs/\${stage_name}.\${dstamp}.jou
            endif
        endif

        \$nitro_ver -source \$flow_ver/\${stage_name}.tcl -log ./LOGs/\${stage_name}_nitro.log -journal ./JOUs/\${stage_name}.jou -app_log \$append_log -app_jou \$append_log
    endif

    set prev_stage = \$stage
    @ stage_num++
end

exit
"
 to run_nrf.csh
NRF info: 
Nitro-SoC> source flow_scripts/0_import.tcl

#####################################################
## Nitro Reference Flow : Import Stage             ##
## Version : 2019.1.R2                             ##
## Imports technology & design info to prepare     ##
## design for NRF place and route.                 ##
#####################################################

info UI33: performed source of import_variables.tcl for 0 sec (CPU time: 0 sec; MEM: RSS - 154M, CVMEM - 1656M, PVMEM - 1656M)
NRF info: Sourcing standard NRF script /home/vlsi/Installation/Nitro/nitroPack-2019.1.R2a/nitro/ref_flows/tcl/scr/kit_utils.tcl
info UI33: performed source of /home/vlsi/Installation/Nitro/nitroPack-2019.1.R2a/nitro/ref_flows/tcl/scr/kit_utils.tcl for 0 sec (CPU time: 0 sec; MEM: RSS - 154M, CVMEM - 1656M, PVMEM - 1656M)
Loading utility util::nrf_utils
Loading utility util::save_nrf_import_vars
NRF info: Checking import variables
NRF warning: Array variable MGC_aocv_library is not defined. Please review/update import_variables.tcl.
info UI33: performed source of /home/vlsi/Installation/Nitro/nitroPack-2019.1.R2a/nitro/tcl/tm.tcl for 0 sec (CPU time: 0 sec; MEM: RSS - 154M, CVMEM - 1656M, PVMEM - 1656M)
info UI33: performed source of /home/vlsi/Installation/Nitro/nitroPack-2019.1.R2a/nitro/tcl/8.5/msgcat-1.4.2.tm for 0 sec (CPU time: 0 sec; MEM: RSS - 154M, CVMEM - 1656M, PVMEM - 1656M)
info UI33: performed source of /home/vlsi/Installation/Nitro/nitroPack-2019.1.R2a/nitro/tcl/clock.tcl for 0 sec (CPU time: 0 sec; MEM: RSS - 155M, CVMEM - 1656M, PVMEM - 1656M)
Storing TCL variables as db root property
warning UI4: Only 1 cores are available; the -cpus argument was set to 2.
NRF info: MGC_libDbPath :  doesn't exist, Running library setup part of import stage and generate libs.db
NRF info: Since TECHNO RULE File is not provided or does not exist, technology rules must come from tech lef
NRF info: Reading TECH LEF File
info UI35: Reading LEF file '/home/vlsi/Desktop/Lab5/lib_data/NangateOpenCellLibrary.tech.lef'.
info SDBLEF119: Processing 'NangateOpenCellLibrary.tech' library...
warning SDBLEF112: A manufacturing grid definition in the DB irrelevant to what is defined in the tech LEF for MANUFACTURINGGRID
info SDB2: Layer 'poly' added.
info SDB2: Layer 'active' added.
info SDB2: Layer 'metal1' added.
info SDB2: Layer 'via1' added.
info SDB2: Layer 'metal2' added.
info SDB2: Layer 'via2' added.
info SDB2: Layer 'metal3' added.
info SDB2: Layer 'via3' added.
info SDB2: Layer 'metal4' added.
info SDB2: Layer 'via4' added.
info SDB2: Layer 'metal5' added.
info SDB2: Layer 'via5' added.
info SDB2: Layer 'metal6' added.
info SDB2: Layer 'via6' added.
info SDB2: Layer 'metal7' added.
info SDB2: Layer 'via7' added.
info SDB2: Layer 'metal8' added.
info SDB2: Layer 'via8' added.
info SDB2: Layer 'metal9' added.
info SDB2: Layer 'via9' added.
info SDB2: Layer 'metal10' added.
info SDB2: Layer 'OVERLAP' added.
info SDBLEF15: Via rule 'Via1Array-0' added.
info SDBLEF15: Via rule 'Via1Array-1' added.
info SDBLEF15: Via rule 'Via1Array-2' added.
info SDBLEF15: Via rule 'Via1Array-3' added.
info SDBLEF15: Via rule 'Via1Array-4' added.
info SDBLEF15: Via rule 'Via2Array-0' added.
info SDBLEF15: Via rule 'Via2Array-1' added.
info SDBLEF15: Via rule 'Via2Array-2' added.
info SDBLEF15: Via rule 'Via2Array-3' added.
info SDBLEF15: Via rule 'Via2Array-4' added.
info SDBLEF15: Via rule 'Via3Array-0' added.
info SDBLEF15: Via rule 'Via3Array-1' added.
info SDBLEF15: Via rule 'Via3Array-2' added.
info SDBLEF15: Via rule 'Via4Array-0' added.
info SDBLEF15: Via rule 'Via5Array-0' added.
info SDBLEF15: Via rule 'Via6Array-0' added.
info SDBLEF15: Via rule 'Via7Array-0' added.
info SDBLEF15: Via rule 'Via8Array-0' added.
info SDBLEF15: Via rule 'Via9Array-0' added.
info SDB2: Layer 'CO' added.
info UI33: performed LEF read for 0 sec (CPU time: 0 sec; MEM: RSS - 157M, CVMEM - 1656M, PVMEM - 1656M)
NRF info: Reading Cell LEF Files
info UI35: Reading LEF file '/home/vlsi/Desktop/Lab5/lib_data/NangateOpenCellLibrary.macro.lef'.
info SDBLEF119: Processing 'NangateOpenCellLibrary.macro' library...
info UI33: performed LEF read for 0 sec (CPU time: 0 sec; MEM: RSS - 157M, CVMEM - 1656M, PVMEM - 1656M)
NRF info: Load new_rc technology .PTF
info LIB65: Identified 'ptf' format in file 'NCSU_FreePDK_45nm.ptf'
warning LIB47: Unknown library keyword 'thickness_unit' at line 15.
warning LIB4: Layer 'contact' is not defined in LEF.
warning LIB4: Layer 'diffco' is not defined in LEF.
info LIB40: Library file '/home/vlsi/Desktop/Lab5/lib_data/NCSU_FreePDK_45nm.ptf' containing library group(s) 'master_techFreePDK45 ' (renamed using prefix: 'new_rc') successfully read.
info UI33: performed library read for 0 sec (CPU time: 0 sec; MEM: RSS - 158M, CVMEM - 1656M, PVMEM - 1656M)
info LIB65: Identified 'liberty' format in file 'NangateOpenCellLibrary_typical.lib'
info LIB40: Library file '/home/vlsi/Desktop/Lab5/lib_data/NangateOpenCellLibrary_typical.lib' containing library group(s) 'NangateOpenCellLibrary ' (renamed using prefix: 'new_pvt') successfully read.
info UI33: performed library read for 1 sec (CPU time: 0 sec; MEM: RSS - 165M, CVMEM - 1656M, PVMEM - 1656M)
warning UI7: Argument '-select' already specified; using last value 'true'.
Routing lib vias have been created
Routing lib vias have been selected
warning UI4: Only 1 cores are available; the -cpus argument was set to 4.
info UI36: Writing folded database file '/home/vlsi/Desktop/Lab5/work/dbs/libs.db'.
info Writing libraries...
info UI33: performed database save for 0 sec (CPU time: 0 sec; MEM: RSS - 166M, CVMEM - 1656M, PVMEM - 1656M)
--------------------------------------------------------------------------------------------------------------------------------------------------------------
| Corner     | Enable | Setup | Hold  | CRPR       | SI   | Power   | EM   | Voltage Drop | DRC        | Process                    | RC Temp | Scale Factor | 
|------------+--------+-------+-------+------------+------+---------+------+--------------+------------+----------------------------+---------+--------------|
| slow       | false  | true  | false | setup_hold | none | leakage | none | none         | trans, cap | new_rcmaster_techFreePDK45 | 25      | 1            | 
|------------+--------+-------+-------+------------+------+---------+------+--------------+------------+----------------------------+---------+--------------|
| fast       | false  | false | true  | setup_hold | none | leakage | none | none         | trans, cap | new_rcmaster_techFreePDK45 | 25      | 1            | 
|------------+--------+-------+-------+------------+------+---------+------+--------------+------------+----------------------------+---------+--------------|
| corner_0_0 | true   | true  | true  | setup_hold | none | leakage | none | none         | trans, cap | new_rcmaster_techFreePDK45 | 25      | 1            | 
--------------------------------------------------------------------------------------------------------------------------------------------------------------

NRF info: Reading netlist /home/vlsi/Desktop/Lab5/verilog/home_system.syn.v
info VLOG8: Reading verilog file '/home/vlsi/Desktop/Lab5/verilog/home_system.syn.v'.
info VLOG2: Parsed 1 modules.
info SDB3: Top design set to 'HAS2'.
info UI33: performed verilog read for 0 sec (CPU time: 0 sec; MEM: RSS - 167M, CVMEM - 1656M, PVMEM - 1656M)
NRF info: Info: Setting delay model to voltage
------------------------------
| Name  | Model | Base Model | 
|-------+-------+------------|
| Data  | fast  | voltage    | 
|-------+-------+------------|
| Clock | fast  | voltage    | 
------------------------------

-------------------------------------------
| Mode     | Enable | System | Corners    | 
|----------+--------+--------+------------|
| default  | false  | true   | <all>      | 
|----------+--------+--------+------------|
| new_mode | true   | false  | corner_0_0 | 
-------------------------------------------

NRF info: Sourcing standard NRF script /home/vlsi/Installation/Nitro/nitroPack-2019.1.R2a/nitro/ref_flows/tcl/scr/floorplan.tcl


########################
### FLOORPLAN: Start ###
########################

### FLOORPLAN: Sourcing floorplan variable settings file. ###
info UI33: performed source of floorplan_variables.tcl for 0 sec (CPU time: 0 sec; MEM: RSS - 168M, CVMEM - 1656M, PVMEM - 1656M)
Loading utility util::nrf_utils
NRF info: Checking floorplan variables

### FLOORPLAN: Checking technology ###
info UI54: redirecting output of check_technology -check all to reports/check_tech.rpt
info CHK10: Checking technology...
-----------------------------------------------------------------------------------------------------------
|                                            Technology Errors                                            |
|----------------------+-------+--------+-----------------------------------------------------------------|
| Name                 | Count | Status | Description                                                     | 
|----------------------+-------+--------+-----------------------------------------------------------------|
| no_parasitics        | 0     | Passed | Layer has no corresponding parasitics data                      | 
|----------------------+-------+--------+-----------------------------------------------------------------|
| no_ndr_vias          | 0     | Passed | No vias at all in non default rule.                             | 
|                      |       |        | Use default vias                                                | 
|----------------------+-------+--------+-----------------------------------------------------------------|
| partial_ndr_vias     | 0     | Passed | Not all layers have vias in non default rule.                   | 
|                      |       |        | Use default vias                                                | 
|----------------------+-------+--------+-----------------------------------------------------------------|
| duplicate_lvias      | 0     | Passed | Duplicate name for some lib_vias in non default rule.           | 
|                      |       |        | To avoid unpredictable results please fix the problem by        | 
|                      |       |        | keeping unique names.                                           | 
|----------------------+-------+--------+-----------------------------------------------------------------|
| wrong_ndr_width      | 0     | Passed | Nondefault rule width is less then default width on the         | 
|                      |       |        | layer                                                           | 
|----------------------+-------+--------+-----------------------------------------------------------------|
| wrong_ndr_space      | 0     | Passed | Nondefault rule spacing is less then required spacing on        | 
|                      |       |        | the layer                                                       | 
|----------------------+-------+--------+-----------------------------------------------------------------|
| wrong_ndr_min_layer  | 0     | Passed | Nondefault rule min layer is higher than partition max layer    | 
|----------------------+-------+--------+-----------------------------------------------------------------|
| wrong_ndr_max_layer  | 0     | Passed | Nondefault rule max layer is higher than partition max layer    | 
|----------------------+-------+--------+-----------------------------------------------------------------|
| ndr_duplicated       | 0     | Passed | Nondefault rule has duplication in different libraries          | 
|----------------------+-------+--------+-----------------------------------------------------------------|
| wrong_min_area       | 0     | Passed | Min area requirement is too big                                 | 
|----------------------+-------+--------+-----------------------------------------------------------------|
| wrong_hole_area      | 0     | Passed | Hole area requirement is too big                                | 
|----------------------+-------+--------+-----------------------------------------------------------------|
| wrong_mfgrid         | 0     | Passed | Manufacturing grid is too big                                   | 
|----------------------+-------+--------+-----------------------------------------------------------------|
| not_even_mfgrid      | 0     | Passed | All width and spacing rules on all metal and cut layers must be | 
|                      |       |        | an even multiple of manufacturing grid (2*N*mg)                 | 
|----------------------+-------+--------+-----------------------------------------------------------------|
| wrong_layer_dir      | 0     | Passed | Direction of the layer is not reversed to below layer           | 
|----------------------+-------+--------+-----------------------------------------------------------------|
| wrong_layer_order    | 0     | Passed | Order of layer is wrong, should be metal-cut-metal-...-metal    | 
|----------------------+-------+--------+-----------------------------------------------------------------|
| wrong_m1_width       | 0     | Passed | Width of M1 pins is less then minimum width parameter           | 
|----------------------+-------+--------+-----------------------------------------------------------------|
| wrong_cut_size       | 0     | Passed | Size of cut is not defined and can't be determined              | 
|----------------------+-------+--------+-----------------------------------------------------------------|
| wrong_cut_space      | 0     | Passed | Space between cuts is not defined and can't be determined       | 
|----------------------+-------+--------+-----------------------------------------------------------------|
| wrong_diff_cut_space | 0     | Passed | Diffnet cut spacing is less then samenet cut spacing            | 
|----------------------+-------+--------+-----------------------------------------------------------------|
| wrong_proj_cut_space | 0     | Passed | Projection cut spacing is less to diffnet cut spacing           | 
|----------------------+-------+--------+-----------------------------------------------------------------|
| max_metal            | 0     | Passed | Top metal is too wide for routing                               | 
-----------------------------------------------------------------------------------------------------------

info UI33: performed technology checks for 0 sec (CPU time: 0 sec; MEM: RSS - 168M, CVMEM - 1656M, PVMEM - 1656M)
info UI54: redirecting output of report_technology -display all to reports/report_tech.rpt
-----------------------------------------------------------------------------------------------------------------
|                                             Metal layers (micro)                                              |
|--------------------+--------+--------+--------+--------+--------+--------+--------+--------+--------+---------|
|                    | metal1 | metal2 | metal3 | metal4 | metal5 | metal6 | metal7 | metal8 | metal9 | metal10 | 
|--------------------+--------+--------+--------+--------+--------+--------+--------+--------+--------+---------|
| Direction          | HOR    | VERT   | HOR    | VERT   | HOR    | VERT   | HOR    | VERT   | HOR    | VERT    | 
|--------------------+--------+--------+--------+--------+--------+--------+--------+--------+--------+---------|
| Width              | 0.0700 | 0.0700 | 0.0700 | 0.1400 | 0.1400 | 0.1400 | 0.4000 | 0.4000 | 0.8000 | 0.8000  | 
|--------------------+--------+--------+--------+--------+--------+--------+--------+--------+--------+---------|
| Space              | 0.0650 | 0.0700 | 0.0700 | 0.1400 | 0.1400 | 0.1400 | 0.4000 | 0.4000 | 0.8000 | 0.8000  | 
|--------------------+--------+--------+--------+--------+--------+--------+--------+--------+--------+---------|
| Offset             | 0.0700 | 0.0950 | 0.0700 | 0.0950 | 0.0700 | 0.0950 | 0.0700 | 0.0950 | 0.0700 | 0.0950  | 
|--------------------+--------+--------+--------+--------+--------+--------+--------+--------+--------+---------|
| Pitch              | 0.1400 | 0.1900 | 0.1400 | 0.2800 | 0.2800 | 0.2800 | 0.8000 | 0.8000 | 1.6000 | 1.6000  | 
|--------------------+--------+--------+--------+--------+--------+--------+--------+--------+--------+---------|
| DownVia-Wire pitch |        | 0.1400 | 0.1400 | 0.2800 | 0.2800 | 0.2800 | 0.8000 | 0.8000 | 1.6000 | 1.6000  | 
|--------------------+--------+--------+--------+--------+--------+--------+--------+--------+--------+---------|
| UpVia-Wire   pitch | 0.1350 | 0.1400 | 0.1400 | 0.2800 | 0.2800 | 0.2800 | 0.8000 | 0.8000 | 1.6000 |         | 
-----------------------------------------------------------------------------------------------------------------

-----------------------------------------------------------------------------------------------------------------------------------------
|                                                          Cut layers (micro)                                                           |
|--------------------+--------+----------+----------+---------------+--------+--------+---------------+--------+---------------+--------|
|                    | CO     | via1     | via2     | via3          | via4   | via5   | via6          | via7   | via8          | via9   | 
|--------------------+--------+----------+----------+---------------+--------+--------+---------------+--------+---------------+--------|
| Size               | 0.0700 | 0.0700   | 0.0700   | 0.0700        | 0.1400 | 0.1400 | 0.1400        | 0.4000 | 0.4000        | 0.8000 | 
|--------------------+--------+----------+----------+---------------+--------+--------+---------------+--------+---------------+--------|
| Space              | 0.0700 | 0.0800   | 0.0900   | 0.0900        | 0.1600 | 0.1600 | 0.1600        | 0.4400 | 0.4400        | 0.8800 | 
|--------------------+--------+----------+----------+---------------+--------+--------+---------------+--------+---------------+--------|
| Below enclosure    | 0/0    | 0/0.0350 | 0/0.0350 | 0/0.0350      | 0/0    | 0/0    | 0/0           | 0/0    | 0/0           | 0/0    | 
|--------------------+--------+----------+----------+---------------+--------+--------+---------------+--------+---------------+--------|
| Above enclosure    | 0/0    | 0/0.0350 | 0/0.0350 | 0.0350/0.0350 | 0/0    | 0/0    | 0.1300/0.1300 | 0/0    | 0.2000/0.2000 | 0/0    | 
|--------------------+--------+----------+----------+---------------+--------+--------+---------------+--------+---------------+--------|
| Bar length         | -      | 0.0700   | 0.0700   | 0.0700        | 0.1400 | 0.1400 | 0.1400        | 0.4000 | 0.4000        | 0.8000 | 
-----------------------------------------------------------------------------------------------------------------------------------------

-----------------------------------------------------------------------------------------------------------------------
|                                               DRC layer rules (micro)                                               |
|---------------------+----+--------+--------+--------+--------+--------+--------+--------+--------+--------+---------|
|                     |    | metal1 | metal2 | metal3 | metal4 | metal5 | metal6 | metal7 | metal8 | metal9 | metal10 | 
|---------------------+----+--------+--------+--------+--------+--------+--------+--------+--------+--------+---------|
| Min width           | >= | 0.0700 | 0.0700 | 0.0700 | 0.1400 | 0.1400 | 0.1400 | 0.4000 | 0.4000 | 0.8000 | 0.8000  | 
|---------------------+----+--------+--------+--------+--------+--------+--------+--------+--------+--------+---------|
| Min space           | >= | 0.0650 | 0.0700 | 0.0700 | 0.1400 | 0.1400 | 0.1400 | 0.4000 | 0.4000 | 0.8000 | 0.8000  | 
|---------------------+----+--------+--------+--------+--------+--------+--------+--------+--------+--------+---------|
| End of line         | >= | -      | -      | -      | -      | -      | -      | -      | -      | -      | -       | 
|---------------------+----+--------+--------+--------+--------+--------+--------+--------+--------+--------+---------|
| Min area (sq-micro) | >= | 0.005  | 0.005  | 0.005  | 0.020  | 0.020  | 0.020  | 0.160  | 0.160  | 0.640  | 0.640   | 
|---------------------+----+--------+--------+--------+--------+--------+--------+--------+--------+--------+---------|
| Min hole (sq-micro) | >= | -      | -      | -      | -      | -      | -      | -      | -      | -      | -       | 
|---------------------+----+--------+--------+--------+--------+--------+--------+--------+--------+--------+---------|
| Min length          |    | -      | -      | -      | -      | -      | -      | -      | -      | -      | -       | 
|---------------------+----+--------+--------+--------+--------+--------+--------+--------+--------+--------+---------|
| Step                |    | -      | -      | -      | -      | -      | -      | -      | -      | -      | -       | 
|---------------------+----+--------+--------+--------+--------+--------+--------+--------+--------+--------+---------|
| Fat space           |    | -      | *      | *      | *      | *      | *      | *      | *      | *      | *       | 
|---------------------+----+--------+--------+--------+--------+--------+--------+--------+--------+--------+---------|
| Span space          |    | -      | -      | -      | -      | -      | -      | -      | -      | -      | -       | 
|---------------------+----+--------+--------+--------+--------+--------+--------+--------+--------+--------+---------|
| Pinch space         |    | -      | -      | -      | -      | -      | -      | -      | -      | -      | -       | 
|---------------------+----+--------+--------+--------+--------+--------+--------+--------+--------+--------+---------|
| Fat jog space       |    | -      | -      | -      | -      | -      | -      | -      | -      | -      | -       | 
|---------------------+----+--------+--------+--------+--------+--------+--------+--------+--------+--------+---------|
| Influence space     |    | -      | -      | -      | -      | -      | -      | -      | -      | -      | -       | 
|---------------------+----+--------+--------+--------+--------+--------+--------+--------+--------+--------+---------|
| Direction space     |    | -      | -      | -      | -      | -      | -      | -      | -      | -      | -       | 
|---------------------+----+--------+--------+--------+--------+--------+--------+--------+--------+--------+---------|
| Discrete space      |    | -      | -      | -      | -      | -      | -      | -      | -      | -      | -       | 
|---------------------+----+--------+--------+--------+--------+--------+--------+--------+--------+--------+---------|
| Dir space           |    | -      | -      | -      | -      | -      | -      | -      | -      | -      | -       | 
|---------------------+----+--------+--------+--------+--------+--------+--------+--------+--------+--------+---------|
| Corner space        |    | -      | -      | -      | -      | -      | -      | -      | -      | -      | -       | 
|---------------------+----+--------+--------+--------+--------+--------+--------+--------+--------+--------+---------|
| Samemask space      |    | -      | -      | -      | -      | -      | -      | -      | -      | -      | -       | 
|---------------------+----+--------+--------+--------+--------+--------+--------+--------+--------+--------+---------|
| Patterns            | #  | -      | -      | -      | -      | -      | -      | -      | -      | -      | -       | 
|---------------------+----+--------+--------+--------+--------+--------+--------+--------+--------+--------+---------|
| Discrete width      |    | -      | -      | -      | -      | -      | -      | -      | -      | -      | -       | 
|---------------------+----+--------+--------+--------+--------+--------+--------+--------+--------+--------+---------|
| Protrusion          |    | -      | -      | -      | -      | -      | -      | -      | -      | -      | -       | 
|---------------------+----+--------+--------+--------+--------+--------+--------+--------+--------+--------+---------|
| Notch space         |    | -      | -      | -      | -      | -      | -      | -      | -      | -      | -       | 
|---------------------+----+--------+--------+--------+--------+--------+--------+--------+--------+--------+---------|
| Grid alignment      |    | -      | -      | -      | -      | -      | -      | -      | -      | -      | -       | 
|---------------------+----+--------+--------+--------+--------+--------+--------+--------+--------+--------+---------|
| Max parallel length | <= | -      | -      | -      | -      | -      | -      | -      | -      | -      | -       | 
|---------------------+----+--------+--------+--------+--------+--------+--------+--------+--------+--------+---------|
| Max width           | <= | -      | -      | -      | -      | -      | -      | -      | -      | -      | -       | 
|---------------------+----+--------+--------+--------+--------+--------+--------+--------+--------+--------+---------|
|                     |    | CO     | via1   | via2   | via3   | via4   | via5   | via6   | via7   | via8   | via9    | 
|---------------------+----+--------+--------+--------+--------+--------+--------+--------+--------+--------+---------|
| Min space           | >= |        | 0.0800 | 0.0900 | 0.0900 | 0.1600 | 0.1600 | 0.1600 | 0.4400 | 0.4400 | 0.8800  | 
|---------------------+----+--------+--------+--------+--------+--------+--------+--------+--------+--------+---------|
| Projection space    | >= |        | -      | -      | -      | -      | -      | -      | -      | -      | -       | 
|---------------------+----+--------+--------+--------+--------+--------+--------+--------+--------+--------+---------|
| Array space         | >= |        | -      | -      | -      | -      | -      | -      | -      | -      | -       | 
|---------------------+----+--------+--------+--------+--------+--------+--------+--------+--------+--------+---------|
| Above diff space    | >= | -      | -      | -      | -      | -      | -      | -      | -      | -      |         | 
|---------------------+----+--------+--------+--------+--------+--------+--------+--------+--------+--------+---------|
| Above same space    | >= | -      | -      | -      | -      | -      | -      | -      | -      | -      |         | 
|---------------------+----+--------+--------+--------+--------+--------+--------+--------+--------+--------+---------|
| Above stackable     |    | true   | true   | true   | true   | true   | true   | true   | true   | true   |         | 
|---------------------+----+--------+--------+--------+--------+--------+--------+--------+--------+--------+---------|
| Bar/Large space     |    | -      | -      | -      | -      | -      | -      | -      | -      | -      | -       | 
|---------------------+----+--------+--------+--------+--------+--------+--------+--------+--------+--------+---------|
| Single space        |    | -      | -      | -      | -      | -      | -      | -      | -      | -      | -       | 
|---------------------+----+--------+--------+--------+--------+--------+--------+--------+--------+--------+---------|
| Cluster array       |    | -      | -      | -      | -      | -      | -      | -      | -      | -      | -       | 
|---------------------+----+--------+--------+--------+--------+--------+--------+--------+--------+--------+---------|
| Number of cuts      |    | -      | -      | -      | -      | -      | -      | -      | -      | -      | -       | 
|---------------------+----+--------+--------+--------+--------+--------+--------+--------+--------+--------+---------|
| Enclosure           |    | *      | *      | *      | *      | *      | *      | *      | *      | *      | *       | 
|---------------------+----+--------+--------+--------+--------+--------+--------+--------+--------+--------+---------|
| Inner space         | >= | -/-    | -/-    | -/-    | -/-    | -/-    | -/-    | -/-    | -/-    | -/-    | -/-     | 
|---------------------+----+--------+--------+--------+--------+--------+--------+--------+--------+--------+---------|
| Joint space         | >= | -/-    | -/-    | -/-    | -/-    | -/-    | -/-    | -/-    | -/-    | -/-    | -/-     | 
|---------------------+----+--------+--------+--------+--------+--------+--------+--------+--------+--------+---------|
| Corner space        | >= | -/-    | -/-    | -/-    | -/-    | -/-    | -/-    | -/-    | -/-    | -/-    | -/-     | 
|---------------------+----+--------+--------+--------+--------+--------+--------+--------+--------+--------+---------|
| Confined space      | >= | -      | -      | -      | -      | -      | -      | -      | -      | -      | -       | 
|---------------------+----+--------+--------+--------+--------+--------+--------+--------+--------+--------+---------|
| Metal space         | >= | -/-    | -/-    | -/-    | -/-    | -/-    | -/-    | -/-    | -/-    | -/-    | -/-     | 
|---------------------+----+--------+--------+--------+--------+--------+--------+--------+--------+--------+---------|
| Grid alignment      |    | -      | -      | -      | -      | -      | -      | -      | -      | -      | -       | 
|---------------------+----+--------+--------+--------+--------+--------+--------+--------+--------+--------+---------|
| Wide array          |    | -      | -      | -      | -      | -      | -      | -      | -      | -      | -       | 
|---------------------+----+--------+--------+--------+--------+--------+--------+--------+--------+--------+---------|
| Max space           | <= | -      | -      | -      | -      | -      | -      | -      | -      | -      | -       | 
-----------------------------------------------------------------------------------------------------------------------

Info: '-' rule is not defined; '*' rule is defined; '+' center-to-center cut spacing
      'R' dfm-recommended rule is defined
----------------------------------------------------------------------------------------------------
|                                           DRC options                                            |
|-------------------------+-------+----------------------------------------------------------------|
|                         | Value | Description                                                    | 
|-------------------------+-------+----------------------------------------------------------------|
| cut_enc_touch_not_viol  | false | Consider cut touching a fat shape no cut enclosure violation   | 
|-------------------------+-------+----------------------------------------------------------------|
| cut_enc_simple_parallel | false | Simple check for parallel run length in cut enclosure rule     | 
|-------------------------+-------+----------------------------------------------------------------|
| cut_proj_except_samenet | false | Do not check cut projection spacing for same net objects       | 
|-------------------------+-------+----------------------------------------------------------------|
| cut_proj_apply_samenet  | false | Apply cut projection spacing to adjacent vias of same net even | 
|                         |       | if they have common metal shape                                | 
|-------------------------+-------+----------------------------------------------------------------|
| allow_offgrid_ndr       | false | Allow non-default width shapes be offgris                      | 
|-------------------------+-------+----------------------------------------------------------------|
| influence_with_corners  | false | Extend influence halo from fat shape to corners as well        | 
|-------------------------+-------+----------------------------------------------------------------|
| influence_thin_to_fat   | false | Check influence spacing between thin and fat shape             | 
|-------------------------+-------+----------------------------------------------------------------|
| pref_width_as_allowed   | false | Consider preferred widths as only allowed                      | 
|-------------------------+-------+----------------------------------------------------------------|
| cut_sector_relaxed      | false | Relaxed conditions of cut_sector_array spacing                 | 
|-------------------------+-------+----------------------------------------------------------------|
| strict_max_metal        | false | Force router strictly follow max metal                         | 
|-------------------------+-------+----------------------------------------------------------------|
| disjoined_plength       | false | Do not combine run length from different fat shapes            | 
|-------------------------+-------+----------------------------------------------------------------|
| strict_dp_prevention    | false | Enable strict DRC rules in router to prevent DP                | 
|-------------------------+-------+----------------------------------------------------------------|
| static_mask             | false | Check mask violation on static objects                         | 
|-------------------------+-------+----------------------------------------------------------------|
| static_grid             | false | Check grid violation on static objects                         | 
----------------------------------------------------------------------------------------------------

--------------------------------------
|          DRC global rules          |
|---------------------------+--------|
|                           | Value  | 
|---------------------------+--------|
| Metric                    | Euclid | 
|---------------------------+--------|
| Manufacturing grid        | 0.0050 | 
|---------------------------+--------|
| Min obstruction space     | true   | 
|---------------------------+--------|
| Min sub-partition space   | false  | 
|---------------------------+--------|
| No M1 routing             | false  | 
|---------------------------+--------|
| Macro ports double cut    | -      | 
|---------------------------+--------|
| Macro ports strict access | false  | 
|---------------------------+--------|
| Max routing layer         | -      | 
|---------------------------+--------|
| Max via stack             | -      | 
--------------------------------------

---------------------------------------------------------------------------------------------------------
|                                     Metal diagonal rules (micro)                                      |
|------------+--------+--------+--------+--------+--------+--------+--------+--------+--------+---------|
|            | metal1 | metal2 | metal3 | metal4 | metal5 | metal6 | metal7 | metal8 | metal9 | metal10 | 
|------------+--------+--------+--------+--------+--------+--------+--------+--------+--------+---------|
| Width      | 0      | 0      | 0      | 0      | 0      | 0      | 0      | 0      | 0      | 0       | 
|------------+--------+--------+--------+--------+--------+--------+--------+--------+--------+---------|
| Spacing    | 0      | 0      | 0      | 0      | 0      | 0      | 0      | 0      | 0      | 0       | 
|------------+--------+--------+--------+--------+--------+--------+--------+--------+--------+---------|
| Min Length | 0      | 0      | 0      | 0      | 0      | 0      | 0      | 0      | 0      | 0       | 
---------------------------------------------------------------------------------------------------------

--------------------------------------------------------------------------
|                Metal metal2 fat spacing rules (micro):                 |
|----------+--------+----------+----------+----------+----------+--------|
|          | Length | > 0.3000 | > 0.9000 | > 1.8000 | > 2.7000 | > 4    | 
|----------+--------+----------+----------+----------+----------+--------|
| Width    | 0.0700 | 0.0700   | 0.0700   | 0.0700   | 0.0700   | 0.0700 | 
|----------+--------+----------+----------+----------+----------+--------|
| > 0.0900 | 0.0700 | 0.0900   | 0.0900   | 0.0900   | 0.0900   | 0.0900 | 
|----------+--------+----------+----------+----------+----------+--------|
| > 0.2700 | 0.0700 | 0.0900   | 0.2700   | 0.2700   | 0.2700   | 0.2700 | 
|----------+--------+----------+----------+----------+----------+--------|
| > 0.5000 | 0.0700 | 0.0900   | 0.2700   | 0.5000   | 0.5000   | 0.5000 | 
|----------+--------+----------+----------+----------+----------+--------|
| > 0.9000 | 0.0700 | 0.0900   | 0.2700   | 0.5000   | 0.9000   | 0.9000 | 
|----------+--------+----------+----------+----------+----------+--------|
| > 1.5000 | 0.0700 | 0.0900   | 0.2700   | 0.5000   | 0.9000   | 1.5000 | 
--------------------------------------------------------------------------

--------------------------------------------------------------------------
|                Metal metal3 fat spacing rules (micro):                 |
|----------+--------+----------+----------+----------+----------+--------|
|          | Length | > 0.3000 | > 0.9000 | > 1.8000 | > 2.7000 | > 4    | 
|----------+--------+----------+----------+----------+----------+--------|
| Width    | 0.0700 | 0.0700   | 0.0700   | 0.0700   | 0.0700   | 0.0700 | 
|----------+--------+----------+----------+----------+----------+--------|
| > 0.0900 | 0.0700 | 0.0900   | 0.0900   | 0.0900   | 0.0900   | 0.0900 | 
|----------+--------+----------+----------+----------+----------+--------|
| > 0.2700 | 0.0700 | 0.0900   | 0.2700   | 0.2700   | 0.2700   | 0.2700 | 
|----------+--------+----------+----------+----------+----------+--------|
| > 0.5000 | 0.0700 | 0.0900   | 0.2700   | 0.5000   | 0.5000   | 0.5000 | 
|----------+--------+----------+----------+----------+----------+--------|
| > 0.9000 | 0.0700 | 0.0900   | 0.2700   | 0.5000   | 0.9000   | 0.9000 | 
|----------+--------+----------+----------+----------+----------+--------|
| > 1.5000 | 0.0700 | 0.0900   | 0.2700   | 0.5000   | 0.9000   | 1.5000 | 
--------------------------------------------------------------------------

---------------------------------------------------------------
|           Metal metal4 fat spacing rules (micro):           |
|----------+--------+----------+----------+----------+--------|
|          | Length | > 0.9000 | > 1.8000 | > 2.7000 | > 4    | 
|----------+--------+----------+----------+----------+--------|
| Width    | 0.1400 | 0.1400   | 0.1400   | 0.1400   | 0.1400 | 
|----------+--------+----------+----------+----------+--------|
| > 0.2700 | 0.1400 | 0.2700   | 0.2700   | 0.2700   | 0.2700 | 
|----------+--------+----------+----------+----------+--------|
| > 0.5000 | 0.1400 | 0.2700   | 0.5000   | 0.5000   | 0.5000 | 
|----------+--------+----------+----------+----------+--------|
| > 0.9000 | 0.1400 | 0.2700   | 0.5000   | 0.9000   | 0.9000 | 
|----------+--------+----------+----------+----------+--------|
| > 1.5000 | 0.1400 | 0.2700   | 0.5000   | 0.9000   | 1.5000 | 
---------------------------------------------------------------

---------------------------------------------------------------
|           Metal metal5 fat spacing rules (micro):           |
|----------+--------+----------+----------+----------+--------|
|          | Length | > 0.9000 | > 1.8000 | > 2.7000 | > 4    | 
|----------+--------+----------+----------+----------+--------|
| Width    | 0.1400 | 0.1400   | 0.1400   | 0.1400   | 0.1400 | 
|----------+--------+----------+----------+----------+--------|
| > 0.2700 | 0.1400 | 0.2700   | 0.2700   | 0.2700   | 0.2700 | 
|----------+--------+----------+----------+----------+--------|
| > 0.5000 | 0.1400 | 0.2700   | 0.5000   | 0.5000   | 0.5000 | 
|----------+--------+----------+----------+----------+--------|
| > 0.9000 | 0.1400 | 0.2700   | 0.5000   | 0.9000   | 0.9000 | 
|----------+--------+----------+----------+----------+--------|
| > 1.5000 | 0.1400 | 0.2700   | 0.5000   | 0.9000   | 1.5000 | 
---------------------------------------------------------------

---------------------------------------------------------------
|           Metal metal6 fat spacing rules (micro):           |
|----------+--------+----------+----------+----------+--------|
|          | Length | > 0.9000 | > 1.8000 | > 2.7000 | > 4    | 
|----------+--------+----------+----------+----------+--------|
| Width    | 0.1400 | 0.1400   | 0.1400   | 0.1400   | 0.1400 | 
|----------+--------+----------+----------+----------+--------|
| > 0.2700 | 0.1400 | 0.2700   | 0.2700   | 0.2700   | 0.2700 | 
|----------+--------+----------+----------+----------+--------|
| > 0.5000 | 0.1400 | 0.2700   | 0.5000   | 0.5000   | 0.5000 | 
|----------+--------+----------+----------+----------+--------|
| > 0.9000 | 0.1400 | 0.2700   | 0.5000   | 0.9000   | 0.9000 | 
|----------+--------+----------+----------+----------+--------|
| > 1.5000 | 0.1400 | 0.2700   | 0.5000   | 0.9000   | 1.5000 | 
---------------------------------------------------------------

----------------------------------------------------
|     Metal metal7 fat spacing rules (micro):      |
|----------+--------+----------+----------+--------|
|          | Length | > 1.8000 | > 2.7000 | > 4    | 
|----------+--------+----------+----------+--------|
| Width    | 0.4000 | 0.4000   | 0.4000   | 0.4000 | 
|----------+--------+----------+----------+--------|
| > 0.5000 | 0.4000 | 0.5000   | 0.5000   | 0.5000 | 
|----------+--------+----------+----------+--------|
| > 0.9000 | 0.4000 | 0.5000   | 0.9000   | 0.9000 | 
|----------+--------+----------+----------+--------|
| > 1.5000 | 0.4000 | 0.5000   | 0.9000   | 1.5000 | 
----------------------------------------------------

----------------------------------------------------
|     Metal metal8 fat spacing rules (micro):      |
|----------+--------+----------+----------+--------|
|          | Length | > 1.8000 | > 2.7000 | > 4    | 
|----------+--------+----------+----------+--------|
| Width    | 0.4000 | 0.4000   | 0.4000   | 0.4000 | 
|----------+--------+----------+----------+--------|
| > 0.5000 | 0.4000 | 0.5000   | 0.5000   | 0.5000 | 
|----------+--------+----------+----------+--------|
| > 0.9000 | 0.4000 | 0.5000   | 0.9000   | 0.9000 | 
|----------+--------+----------+----------+--------|
| > 1.5000 | 0.4000 | 0.5000   | 0.9000   | 1.5000 | 
----------------------------------------------------

-------------------------------------------
| Metal metal9 fat spacing rules (micro): |
|----------+--------+----------+----------|
|          | Length | > 2.7000 | > 4      | 
|----------+--------+----------+----------|
| Width    | 0.8000 | 0.8000   | 0.8000   | 
|----------+--------+----------+----------|
| > 0.9000 | 0.8000 | 0.9000   | 0.9000   | 
|----------+--------+----------+----------|
| > 1.5000 | 0.8000 | 0.9000   | 1.5000   | 
-------------------------------------------

--------------------------------------------
| Metal metal10 fat spacing rules (micro): |
|----------+--------+----------+-----------|
|          | Length | > 2.7000 | > 4       | 
|----------+--------+----------+-----------|
| Width    | 0.8000 | 0.8000   | 0.8000    | 
|----------+--------+----------+-----------|
| > 0.9000 | 0.8000 | 0.9000   | 0.9000    | 
|----------+--------+----------+-----------|
| > 1.5000 | 0.8000 | 0.9000   | 1.5000    | 
--------------------------------------------

------------------------------------------------------------------------------------------------------------------------------------------------
|                                                      Cut below enclosure rules (micro)                                                       |
|-----------+----+-------------+-------------+-------------+-------------+-------------+-------------+-------------+-------------+-------------|
|           |    | metal1-via1 | metal2-via2 | metal3-via3 | metal4-via4 | metal5-via5 | metal6-via6 | metal7-via7 | metal8-via8 | metal9-via9 | 
|-----------+----+-------------+-------------+-------------+-------------+-------------+-------------+-------------+-------------+-------------|
| Type      |    | basic       | basic       | basic       | basic       | basic       | basic       | basic       | basic       | basic       | 
| Width     | >= | -           | -           | -           | -           | -           | -           | -           | -           | -           | 
| Enclosure | >= | 0.0350/0    | 0.0350/0    | 0.0350/0    | 0/0         | 0/0         | 0/0         | 0/0         | 0/0         | 0/0         | 
| Via class |    | all         | all         | all         | all         | all         | all         | all         | all         | all         | 
------------------------------------------------------------------------------------------------------------------------------------------------

-------------------------------------------------------------------------------------------------------------------------------------------------------------------
|                                                                Cut above enclosure rules (micro)                                                                |
|-----------+----+-----------+-------------+-------------+---------------+-------------+-------------+---------------+-------------+---------------+--------------|
|           |    | metal1-CO | metal2-via1 | metal3-via2 | metal4-via3   | metal5-via4 | metal6-via5 | metal7-via6   | metal8-via7 | metal9-via8   | metal10-via9 | 
|-----------+----+-----------+-------------+-------------+---------------+-------------+-------------+---------------+-------------+---------------+--------------|
| Type      |    | basic     | basic       | basic       | basic         | basic       | basic       | basic         | basic       | basic         | basic        | 
| Width     | >= | -         | -           | -           | -             | -           | -           | -             | -           | -             | -            | 
| Enclosure | >= | 0/0       | 0.0350/0    | 0.0350/0    | 0.0350/0.0350 | 0/0         | 0/0         | 0.1300/0.1300 | 0/0         | 0.2000/0.2000 | 0/0          | 
| Via class |    | all       | all         | all         | all           | all         | all         | all           | all         | all           | all          | 
-------------------------------------------------------------------------------------------------------------------------------------------------------------------

Enclosure metric: '' - opposite, 'S' - square, 'C' - combo
--------------------------------------------------
| Default parameters and high-voltage nets count |
|---------------------+--------------------------|
|                     | value                    | 
|---------------------+--------------------------|
| Min default voltage | -                        | 
|---------------------+--------------------------|
| Max default voltage | -                        | 
--------------------------------------------------

-----------------------------------------------------------------------------------------------------------------------
|                                               Antenna rules (OXIDE1):                                               |
|--------------------------+--------+--------+--------+--------+--------+--------+--------+--------+--------+---------|
|                          | metal1 | metal2 | metal3 | metal4 | metal5 | metal6 | metal7 | metal8 | metal9 | metal10 | 
|--------------------------+--------+--------+--------+--------+--------+--------+--------+--------+--------+---------|
| Gate/Diff area factor    | 1/1    | 1/1    | 1/1    | 1/1    | 1/1    | 1/1    | 1/1    | 1/1    | 1/1    | 1/1     | 
|--------------------------+--------+--------+--------+--------+--------+--------+--------+--------+--------+---------|
| Gate partial area        | -      | -      | -      | -      | -      | -      | -      | -      | -      | -       | 
|--------------------------+--------+--------+--------+--------+--------+--------+--------+--------+--------+---------|
| Diff partial area        | -      | -      | -      | -      | -      | -      | -      | -      | -      | -       | 
|--------------------------+--------+--------+--------+--------+--------+--------+--------+--------+--------+---------|
| Gate cumulative area     | -      | -      | -      | -      | -      | -      | -      | -      | -      | -       | 
|--------------------------+--------+--------+--------+--------+--------+--------+--------+--------+--------+---------|
| Diff cumulative area     | -      | -      | -      | -      | -      | -      | -      | -      | -      | -       | 
|--------------------------+--------+--------+--------+--------+--------+--------+--------+--------+--------+---------|
|                          | metal1 | metal2 | metal3 | metal4 | metal5 | metal6 | metal7 | metal8 | metal9 | metal10 | 
|--------------------------+--------+--------+--------+--------+--------+--------+--------+--------+--------+---------|
| Thickness                | 0.1300 | 0.1400 | 0.1400 | 0.2800 | 0.2800 | 0.2800 | 0.8000 | 0.8000 | 2      | 2       | 
|--------------------------+--------+--------+--------+--------+--------+--------+--------+--------+--------+---------|
| Gate/Diff side factor    | 1/1    | 1/1    | 1/1    | 1/1    | 1/1    | 1/1    | 1/1    | 1/1    | 1/1    | 1/1     | 
|--------------------------+--------+--------+--------+--------+--------+--------+--------+--------+--------+---------|
| Gate partial side        | -      | -      | -      | -      | -      | -      | -      | -      | -      | -       | 
|--------------------------+--------+--------+--------+--------+--------+--------+--------+--------+--------+---------|
| Diff partial side        | -      | -      | -      | -      | -      | -      | -      | -      | -      | -       | 
|--------------------------+--------+--------+--------+--------+--------+--------+--------+--------+--------+---------|
| Gate cumulative side     | -      | -      | -      | -      | -      | -      | -      | -      | -      | -       | 
|--------------------------+--------+--------+--------+--------+--------+--------+--------+--------+--------+---------|
| Diff cumulative side     | -      | -      | -      | -      | -      | -      | -      | -      | -      | -       | 
|--------------------------+--------+--------+--------+--------+--------+--------+--------+--------+--------+---------|
|                          | metal1 | metal2 | metal3 | metal4 | metal5 | metal6 | metal7 | metal8 | metal9 | metal10 | 
|--------------------------+--------+--------+--------+--------+--------+--------+--------+--------+--------+---------|
| Cumulative area plus cut | false  | false  | false  | false  | false  | false  | false  | false  | false  | false   | 
|--------------------------+--------+--------+--------+--------+--------+--------+--------+--------+--------+---------|
| Area minus diff factor   | -      | -      | -      | -      | -      | -      | -      | -      | -      | -       | 
|--------------------------+--------+--------+--------+--------+--------+--------+--------+--------+--------+---------|
| Gate plus diff factor    | -      | -      | -      | -      | -      | -      | -      | -      | -      | -       | 
|--------------------------+--------+--------+--------+--------+--------+--------+--------+--------+--------+---------|
| Area diff reduce factor  | -      | -      | -      | -      | -      | -      | -      | -      | -      | -       | 
|--------------------------+--------+--------+--------+--------+--------+--------+--------+--------+--------+---------|
| Effective gate area      | -      | -      | -      | -      | -      | -      | -      | -      | -      | -       | 
|--------------------------+--------+--------+--------+--------+--------+--------+--------+--------+--------+---------|
|                          | metal1 | metal2 | metal3 | metal4 | metal5 | metal6 | metal7 | metal8 | metal9 | metal10 | 
|--------------------------+--------+--------+--------+--------+--------+--------+--------+--------+--------+---------|
| Floating area            | -      | -      | -      | -      | -      | -      | -      | -      | -      | -       | 
|--------------------------+--------+--------+--------+--------+--------+--------+--------+--------+--------+---------|
| Floating spacing         | -      | -      | -      | -      | -      | -      | -      | -      | -      | -       | 
|--------------------------+--------+--------+--------+--------+--------+--------+--------+--------+--------+---------|
|                          | via1   | via2   | via3   | via4   | via5   | via6   | via7   | via8   | via9   |         | 
|--------------------------+--------+--------+--------+--------+--------+--------+--------+--------+--------+---------|
| Gate/Diff cut factor     | 1/1    | 1/1    | 1/1    | 1/1    | 1/1    | 1/1    | 1/1    | 1/1    | 1/1    |         | 
|--------------------------+--------+--------+--------+--------+--------+--------+--------+--------+--------+---------|
| Gate partial cut         | -      | -      | -      | -      | -      | -      | -      | -      | -      |         | 
|--------------------------+--------+--------+--------+--------+--------+--------+--------+--------+--------+---------|
| Diff partial cut         | -      | -      | -      | -      | -      | -      | -      | -      | -      |         | 
|--------------------------+--------+--------+--------+--------+--------+--------+--------+--------+--------+---------|
| Gate cumulative cut      | -      | -      | -      | -      | -      | -      | -      | -      | -      |         | 
|--------------------------+--------+--------+--------+--------+--------+--------+--------+--------+--------+---------|
| Diff cumulative cut      | -      | -      | -      | -      | -      | -      | -      | -      | -      |         | 
|--------------------------+--------+--------+--------+--------+--------+--------+--------+--------+--------+---------|
|                          | via1   | via2   | via3   | via4   | via5   | via6   | via7   | via8   | via9   |         | 
|--------------------------+--------+--------+--------+--------+--------+--------+--------+--------+--------+---------|
| Area minus diff factor   | -      | -      | -      | -      | -      | -      | -      | -      | -      |         | 
|--------------------------+--------+--------+--------+--------+--------+--------+--------+--------+--------+---------|
| Gate plus diff factor    | -      | -      | -      | -      | -      | -      | -      | -      | -      |         | 
|--------------------------+--------+--------+--------+--------+--------+--------+--------+--------+--------+---------|
| Area diff reduce factor  | -      | -      | -      | -      | -      | -      | -      | -      | -      |         | 
|--------------------------+--------+--------+--------+--------+--------+--------+--------+--------+--------+---------|
| Effective gate area      | -      | -      | -      | -      | -      | -      | -      | -      | -      |         | 
-----------------------------------------------------------------------------------------------------------------------

---------------------------------------------
|        Dfm cut weights (defaults)         |
|--------+-------+--------+--------+--------|
|        | 1-cut | 2-cuts | 3-cuts | 4-cuts | 
|--------+-------+--------+--------+--------|
| single | 1     | 10     | 15     | 30     | 
|--------+-------+--------+--------+--------|
| bar    | 5     | 25     | 40     | 60     | 
|--------+-------+--------+--------+--------|
| large  | 20    | 55     | 90     | 125    | 
---------------------------------------------

info UI34: no objects were found for '*'
NRF info: Design is not MV, but reading UPF file for power intent.
info UI420: Supply net 'VDD' inferred as power.
info UI420: Supply net 'VSS' inferred as ground.
info UI419: Adding port 'VDD' to current scope '/'.
info UI33: performed source of /home/vlsi/Desktop/Lab5/constraints/demo_adder.85.upf for 0 sec (CPU time: 0 sec; MEM: RSS - 169M, CVMEM - 1656M, PVMEM - 1656M)

### FLOORPLAN: Creating the chip based on utilization ###
info CSDB79: Snapped chip dimensions to manufacturing grid.
info CSDB75: Core area resized to fit integral number of core row sites.
info CSDB76: Core area resized to fit integral number of core row sites.
info DUM203: create_chip: created cell-density map for partition HAS2 with max-util 100 and bin-size 8x8 rows.

### FLOORPLAN: Creating rows ###
warning UI160: Clear all variables that may contain removed objects.
info UI40: removed 9 objects (out of 9 objects)
info UI49: 6 rows were created

### FLOORPLAN: Creating tracks ###
warning UI137: The precision for 'angstrom' has been set to the minimum of '4'
info UI49: creating 90 horizontal track starting at 0 with step 0.1400
info UI49: creating 62 vertical track starting at 0 with step 0.1900
info UI49: creating 90 horizontal track starting at 0 with step 0.1400
info UI49: creating 42 vertical track starting at 0 with step 0.2800
info UI49: creating 45 horizontal track starting at 0 with step 0.2800
info UI49: creating 42 vertical track starting at 0 with step 0.2800
info UI49: creating 16 horizontal track starting at 0 with step 0.8000
info UI49: creating 15 vertical track starting at 0 with step 0.8000
info UI49: creating 8 horizontal track starting at 0 with step 1.6000
info UI49: creating 8 vertical track starting at 0 with step 1.6000
info UI34: no objects were found for '*'
-------------------------
|   Max routing layer   |
|-------------+---------|
| Stack       | metal10 | 
|-------------+---------|
| Property    | metal10 | 
|-------------+---------|
| Recommended | metal10 | 
-------------------------

info UI49: updated global design rule(s): max_layer
warning CSDB87: Property name 'placed' has been deprecated. Use 'placed_state'.

### FLOORPLAN: Quick place of std cells to perform IO placement. ###
info CHK10: Checking technology...
info CHK10: Checking placement...
info CHK10: Checking routing...
PLX-INFO: Evaluating region utilizations.
info  report_region_utilization is restricted to regions with property member_hard set to TRUE. 
info UI30: performing global placement on partition HAS2 (started at Fri Dec 24 19:24:57 2021)
warning PLC2012: The port 'st[6]' is not fixed.
warning PLC2012: The port 'rst' is not fixed.
warning PLC2012: The port 'st[2]' is not fixed.
warning PLC2012: The port 'st[1]' is not fixed.
warning PLC2012: The port 'st[5]' is not fixed.
warning PLC2012: The port 'st[4]' is not fixed.
warning PLC2012: The port 'st[3]' is not fixed.
warning PLC2012: The port 'clk' is not fixed.
error Overutilized Region SITE/FreePDK45_38x28_10R_NP_162NW_34O has capacity: 6.384e+09 adjusted capacity: 0.00325714, cell area: 6.7564e+09, adjusted cell area: 0.00344714, pad area: 0, macro area: 0 (cell area + macro area - pad area): 6.7564e+09, and utilization: 105.833% [INFEASIBLE REGION].
Total standard cell area and macro area (if any movable macros) exceeds region capacity.
Fixed cell area may be too large for this region.
It is also possible that exclusive regions overlapping this region have reduced its capacity.

error SDA102: internal error has occurred. Command terminated abnormally
error UI150: Command 'place_timing' execution failed.
error UI26: Script file '/home/vlsi/Installation/Nitro/nitroPack-2019.1.R2a/nitro/ref_flows/tcl/scr/floorplan.tcl' execution failed (and stopped) at line 268 (place_timing -effort none).
error UI26: Script file 'flow_scripts/0_import.tcl' execution failed (and stopped) at line 63 (source /home/vlsi/Installation/Nitro/nitroPack-2019.1.R2a/nitro/ref_flows/tcl/scr/floorplan.tcl).
Nitro-SoC> start
Nitro-SoC> zoom_to -target area -xl_area 3.2232u -yb_area 3.6083u -xr_area 8.5307u -yt_area 9.2516u
Nitro-SoC> zoom_to -target area -xl_area 3.2232u -yb_area 4.0371u -xr_area 8.5307u -yt_area 9.6804u
Nitro-SoC> zoom_to -target area -xl_area 3.2232u -yb_area 4.7918u -xr_area 8.5307u -yt_area 10.4351u
Nitro-SoC> zoom_to -target area -xl_area 3.2232u -yb_area 5.3922u -xr_area 8.5307u -yt_area 11.0355u
Nitro-SoC> zoom_to -target area -xl_area 3.2232u -yb_area 5.7352u -xr_area 8.5307u -yt_area 11.3785u
Nitro-SoC> zoom_to -target area -xl_area 3.2232u -yb_area 6.1469u -xr_area 8.5307u -yt_area 11.7902u
Nitro-SoC> zoom_to -target area -xl_area 3.2232u -yb_area 6.3184u -xr_area 8.5307u -yt_area 11.9617u
Nitro-SoC> zoom_to -target area -xl_area 3.2232u -yb_area 6.4042u -xr_area 8.5307u -yt_area 12.0475u
Nitro-SoC> zoom_to -target area -xl_area 3.2232u -yb_area 6.4900u -xr_area 8.5307u -yt_area 12.1333u
Nitro-SoC> zoom_to -target area -xl_area 3.2232u -yb_area 6.6615u -xr_area 8.5307u -yt_area 12.3048u
Nitro-SoC> zoom_to -target area -xl_area 3.2232u -yb_area 6.8330u -xr_area 8.5307u -yt_area 12.4763u
Nitro-SoC> zoom_to -target area -xl_area 3.2232u -yb_area 7.0045u -xr_area 8.5307u -yt_area 12.6478u
