Report Physical info: 
------------------------+-------------+-----------+------------
                        |             |Area (squm)|Leakage (uW)
------------------------+-------------+-----------+------------
Design Name             |homeSystem   |           |            
  Total Instances       |          157|        136|       3.099
    Macros              |            0|          0|       0.000
    Pads                |            0|          0|       0.000
    Phys                |            0|          0|       0.000
    Blackboxes          |            0|          0|       0.000
    Cells               |          157|        136|       3.099
      Buffers           |            2|          2|       0.043
      Inverters         |           70|         37|       1.005
      Clock-Gates       |            0|          0|       0.000
      Combinational     |           79|         74|       1.583
      Latches           |            3|          8|       0.123
      FlipFlops         |            3|         15|       0.345
       Single-Bit FF    |            3|         15|       0.345
       Multi-Bit FF     |            0|          0|       0.000
       Clock-Gated      |            0|           |            
       Bits             |            3|         15|       0.345
         Load-Enabled   |            0|           |            
         Clock-Gated    |            0|           |            
  Tristate Pin Count    |            0|           |            
Physical Info           |Placed       |           |            
  Chip Size (mm x mm)   |0.075 x 0.075|       5637|            
  Fixed Cell Area       |             |          0|            
    Phys Only           |            0|          0|            
  Placeable Area        |             |        210|            
  Movable Cell Area     |             |        136|            
  Utilization (%)       |           64|           |            
  Chip Utilization (%)  |           64|           |            
  Total Wire Length (mm)|        0.830|           |            
  Longest Wire (mm)     |        0.076|           |            
  Average Wire (mm)     |        0.040|           |            
------------------------+-------------+-----------+------------
