warning: No library characterized for (process = 1.00 voltage = 0.85 temperature = 25.00) can be found in the database for power domain '/PD_TOP'  [NL-174]
Report Power (instances with prefix '*' are included in total) : 
-----+----------------------+--------------------+---------------------+-------------------+-----------------
     | Instance             | Internal Power(uw) | Switching Power(uw) | Leakage Power(uw) | Total Power(uw) 
-----+----------------------+--------------------+---------------------+-------------------+-----------------
1    |*state_reg[0]         |            3.503114|            11.349214|           0.115104|        14.967432
2    |*state_reg[1]         |            3.500542|             6.008918|           0.115104|         9.624565
3    |*state_reg[2]         |            3.501419|             8.046209|           0.115104|        11.662732
4    |*next_state_reg[2]    |            1.923023|             0.864225|           0.040863|         2.828111
5    |*next_state_reg[1]    |            1.866264|             0.864225|           0.040863|         2.771352
6    |*next_state_reg[0]    |            1.867240|             0.864225|           0.040863|         2.772329
7    |*i_0_3_0              |            2.172973|             0.609059|           0.026832|         2.808864
8    |*i_0_3_1              |            0.556235|             0.307938|           0.017393|         0.881566
9    |*i_0_3_2              |            0.442269|             0.488056|           0.021200|         0.951525
10   |*i_0_5_0              |            1.029838|             1.448446|           0.014353|         2.492637
11   |*i_0_5_1              |            1.899653|             1.974758|           0.026832|         3.901243
12   |*i_0_6_0              |            1.028024|             1.472222|           0.014353|         2.514599
13   |*i_0_6_1              |            1.222585|             1.057906|           0.032601|         2.313093
14   |*i_0_7_0              |            1.029130|             1.457717|           0.014353|         2.501200
15   |*i_0_7_1              |            0.593431|             3.384426|           0.021200|         3.999057
16   |*i_0_8_0              |            0.619709|             1.675007|           0.021200|         2.315916
17   |*i_0_8_1              |            0.474442|             1.892121|           0.014353|         2.380917
18   |*i_0_8_2              |            0.606342|             3.659830|           0.025066|         4.291237
19   |*i_0_8_3              |            0.212589|             0.637751|           0.014353|         0.864693
20   |*i_0_8_4              |            0.191461|             2.154487|           0.021200|         2.367148
21   |*i_0_8_5              |            0.461452|             2.279047|           0.014353|         2.754853
22   |*i_0_8_6              |            0.105419|             0.315411|           0.017393|         0.438223
23   |*i_0_8_7              |            0.105393|             0.114822|           0.022695|         0.242909
24   |*i_0_8_8              |            0.473724|             1.005393|           0.014353|         1.493470
25   |*i_0_8_9              |            0.111212|             0.215547|           0.014353|         0.341113
26   |*i_0_8_10             |            1.284880|             0.509158|           0.033938|         1.827976
27   |*i_0_8_11             |            0.786967|             0.495205|           0.022619|         1.304792
28   |*i_0_8_12             |            0.501408|             2.398773|           0.014353|         2.914535
29   |*i_0_8_13             |            0.925522|             0.408738|           0.025066|         1.359326
30   |*i_0_8_14             |            0.925522|             0.408738|           0.025066|         1.359326
31   |*i_0_8_15             |            0.925522|             0.408738|           0.025066|         1.359326
32   |*i_0_1_0              |            9.604101|             1.527755|           0.014353|        11.146209
33   |*i_0_1_1              |            9.627129|             1.381805|           0.014353|        11.023287
34   |*i_0_1_2              |            9.610570|             1.486756|           0.014353|        11.111679
35   |*i_0_1_3              |            9.627129|             1.381805|           0.014353|        11.023287
36   |*i_0_1_4              |            9.610570|             1.486756|           0.014353|        11.111679
37   |*i_0_1_5              |            9.604101|             1.527755|           0.014353|        11.146209
38   |*i_0_1_6              |            1.624681|             0.615349|           0.018105|         2.258135
39   |*i_0_1_7              |            9.637429|             1.316520|           0.014353|        10.968302
40   |*i_0_1_8              |            9.629982|             1.363718|           0.014353|        11.008053
41   |*i_0_1_9              |            1.915675|             1.027722|           0.017393|         2.960790
42   |*i_0_1_10             |            1.612900|             0.358642|           0.018105|         1.989648
43   |*i_0_1_11             |            4.083572|             1.006695|           0.026481|         5.116748
44   |*i_0_1_12             |            0.358849|             0.429365|           0.026832|         0.815046
45   |*i_0_0_0              |            3.787984|             7.399853|           0.022619|        11.210456
46   |*i_0_0_3              |            1.577260|             0.833768|           0.017393|         2.428422
47   |*i_0_0_1              |            0.445115|             0.665919|           0.022619|         1.133653
48   |*i_0_0_2              |            0.236574|             0.703932|           0.014353|         0.954859
49   |*i_0_0_9              |            4.863423|             1.432271|           0.014353|         6.310047
50   |*i_0_0_4              |            2.461858|             2.658213|           0.018105|         5.138176
51   |*i_0_0_11             |            9.428985|             2.637652|           0.014353|        12.080990
52   |*i_0_0_12             |            9.629982|             1.363718|           0.014353|        11.008053
53   |*i_0_0_14             |            9.637429|             1.316520|           0.014353|        10.968302
54   |*i_0_0_16             |            9.629982|             1.363718|           0.014353|        11.008053
55   |*i_0_0_18             |            8.543264|             9.245240|           0.014353|        17.802858
56   |*i_0_0_27             |            1.530857|             4.478558|           0.017393|         6.026808
57   |*i_0_0_28             |            2.188591|             0.775914|           0.014353|         2.978859
58   |*i_0_0_26             |            0.491117|             0.291212|           0.017393|         0.799722
59   |*i_0_0_29             |            1.470788|             1.724019|           0.018105|         3.212911
60   |*i_0_0_33             |            9.192387|             4.137221|           0.014353|        13.343961
61   |*i_0_0_22             |            9.409482|             2.761252|           0.014353|        12.185087
62   |*i_0_0_23             |            4.438410|             1.322457|           0.022619|         5.783486
63   |*i_0_0_24             |            9.637429|             1.316520|           0.014353|        10.968302
64   |*i_0_0_25             |            1.919187|             1.098407|           0.017393|         3.034988
65   |*i_0_0_38             |            8.712554|             7.864244|           0.014353|        16.591150
66   |*i_0_0_35             |            3.503493|             1.457717|           0.014353|         4.975563
67   |*i_0_0_36             |            1.607756|             0.908166|           0.021200|         2.537122
68   |*i_0_0_15             |            0.929301|             0.460487|           0.021200|         1.410987
69   |*i_0_0_48             |            2.674232|             0.987390|           0.014353|         3.675976
70   |*i_0_0_49             |            9.409482|             2.761252|           0.014353|        12.185087
71   |*i_0_0_56             |            9.404280|             2.794230|           0.014353|        12.212863
72   |*i_0_0_57             |            9.396438|             2.843938|           0.014353|        12.254729
73   |*i_0_0_58             |            9.386316|             2.908086|           0.014353|        12.308755
74   |*i_0_0_61             |            3.717997|             2.171474|           0.027858|         5.917329
75   |*i_0_0_64             |            3.613337|             7.864244|           0.014353|        11.491934
76   |*i_0_0_65             |            9.604101|             1.527755|           0.014353|        11.146209
77   |*i_0_0_55             |            0.526901|             0.313889|           0.017393|         0.858183
78   |*i_0_0_69             |            9.637429|             1.316520|           0.014353|        10.968302
79   |*i_0_0_70             |            9.393498|             2.862564|           0.014353|        12.270415
80   |*i_0_0_5              |            0.688094|             0.365083|           0.017393|         1.070571
81   |*i_0_0_44             |            1.110380|             0.633430|           0.018127|         1.761937
82   |*i_0_0_45             |            2.495105|             2.569770|           0.017393|         5.082268
83   |*i_0_0_73             |            2.024328|             5.903510|           0.017393|         7.945232
84   |*i_0_0_78             |            9.421581|             2.684573|           0.014353|        12.120507
85   |*i_0_0_79             |            9.634724|             1.333670|           0.014353|        10.982747
86   |*i_0_0_80             |            9.631071|             1.356819|           0.014353|        11.002243
87   |*i_0_0_81             |            9.626008|             1.388913|           0.014353|        11.029274
88   |*i_0_0_82             |            3.661556|             0.992510|           0.017393|         4.671459
89   |*i_0_0_83             |            9.637429|             1.316520|           0.014353|        10.968302
90   |*i_0_0_84             |            9.629982|             1.363718|           0.014353|        11.008053
91   |*i_0_0_85             |            9.627129|             1.381805|           0.014353|        11.023287
92   |*i_0_0_86             |            9.610570|             1.486756|           0.014353|        11.111679
93   |*i_0_0_87             |            9.604101|             1.527755|           0.014353|        11.146209
94   |*i_0_0_88             |            1.623434|             0.588191|           0.018105|         2.229730
95   |*i_0_0_89             |            3.241860|             5.903510|           0.017393|         9.162763
96   |*i_0_0_90             |            2.884940|             1.022788|           0.014353|         3.922082
97   |*i_0_0_91             |            1.826168|             0.904631|           0.017393|         2.748192
98   |*i_0_0_92             |            9.627129|             1.381805|           0.014353|        11.023287
99   |*i_0_0_93             |            9.610570|             1.486756|           0.014353|        11.111679
100  |*i_0_0_94             |            9.604101|             1.527755|           0.014353|        11.146209
101  |*i_0_0_95             |            1.674543|             3.453264|           0.018105|         5.145912
102  |*i_0_0_96             |            1.762352|             0.596627|           0.014353|         2.373332
103  |*i_0_0_97             |            0.878644|             0.526195|           0.017393|         1.422232
104  |*i_0_0_68             |            2.887075|             1.145817|           0.014353|         4.047245
105  |*i_0_0_46             |            1.762447|             0.618275|           0.014353|         2.395075
106  |*i_0_0_47             |            2.383888|             0.651865|           0.018105|         3.053859
107  |*i_0_0_50             |            1.671441|             3.453264|           0.018105|         5.142810
108  |*i_0_0_51             |            2.390859|             0.579276|           0.018105|         2.988240
109  |*i_0_0_62             |            2.810559|             9.025446|           0.017393|        11.853398
110  |*i_0_0_71             |            2.728798|             1.284253|           0.017393|         4.030445
111  |*i_0_0_72             |            1.550955|             0.599613|           0.021200|         2.171767
112  |*i_0_0_100            |            0.477528|             0.272465|           0.017393|         0.767387
113  |*i_0_0_19             |            1.624382|             0.608840|           0.018105|         2.251327
114  |*i_0_0_20             |            9.627129|             1.381805|           0.014353|        11.023287
115  |*i_0_0_21             |            9.610570|             1.486756|           0.014353|        11.111679
116  |*i_0_0_32             |            9.604101|             1.527755|           0.014353|        11.146209
117  |*i_0_0_34             |            9.629982|             1.363718|           0.014353|        11.008053
118  |*i_0_0_17             |            1.729458|             4.959307|           0.017393|         6.706159
119  |*i_0_0_31             |            2.423723|             0.870600|           0.014353|         3.308676
120  |*i_0_0_43             |            3.300889|             1.119633|           0.021200|         4.441721
121  |*i_0_0_52             |            2.381243|             0.679408|           0.018105|         3.078756
122  |*i_0_0_37             |            0.721173|             0.284739|           0.018105|         1.024017
123  |*i_0_0_59             |            1.894660|             0.531473|           0.018127|         2.444259
124  |*i_0_0_8              |            2.026803|             7.000257|           0.017393|         9.044453
125  |*i_0_0_30             |            3.503493|             1.457717|           0.014353|         4.975563
126  |*i_0_0_54             |            1.624442|             0.639852|           0.018105|         2.282399
127  |*i_0_0_60             |            0.564034|             0.321221|           0.021200|         0.906454
128  |*i_0_0_39             |            0.809742|             0.457701|           0.017393|         1.284837
129  |*i_0_0_67             |            2.448658|             2.939531|           0.022619|         5.410809
130  |*i_0_0_6              |            1.211163|             0.699706|           0.017393|         1.928262
131  |*i_0_0_7              |            0.212154|             0.081921|           0.018105|         0.312180
132  |*i_0_0_10             |            0.722471|             0.369459|           0.017393|         1.109324
133  |*i_0_0_13             |            0.687805|             0.360443|           0.017393|         1.065642
134  |*i_0_0_66             |            1.734011|             0.699839|           0.027858|         2.461708
135  |*i_0_0_77             |            0.105388|             0.206773|           0.017393|         0.329555
136  |*i_0_0_98             |            0.234048|             0.681859|           0.014353|         0.930260
137  |*i_0_0_99             |            0.350149|             0.633242|           0.017393|         1.000785
138  |*i_0_0_40             |            2.964640|             0.906149|           0.018127|         3.888916
139  |*i_0_0_41             |            0.447597|             0.665919|           0.027858|         1.141375
140  |*i_0_0_42             |            0.697956|             0.384699|           0.017393|         1.100049
141  |*i_0_0_53             |            0.105388|             0.206773|           0.017393|         0.329555
142  |*i_0_0_63             |            0.351257|             3.766562|           0.017393|         4.135213
143  |*i_0_0_74             |            0.234904|             0.652560|           0.014353|         0.901818
144  |*i_0_0_75             |            0.236524|             0.685177|           0.014353|         0.936055
145  |*i_0_0_76             |            0.234583|             0.706600|           0.014353|         0.955536
146  |*i_0_0_101            |            0.234272|             0.732401|           0.014353|         0.981026
147  |*i_0_0_103            |            0.237154|             3.932122|           0.014353|         4.183629
148  |*i_0_0_104            |            7.277788|             9.275858|           0.014353|        16.567999
149  |*i_0_0_102            |            1.851622|             1.284742|           0.014353|         3.150718
150  |*i_0_0_105            |            1.366943|             3.766562|           0.017393|         5.150899
151  |*i_0_0_106            |            0.404977|             0.206773|           0.017393|         0.629143
152  |*i_0_0_107            |            0.404977|             0.206773|           0.017393|         0.629143
153  |*i_0_0_108            |            1.366943|             3.766562|           0.017393|         5.150899
154  |*i_0_0_109            |            1.840260|             0.629975|           0.014353|         2.484589
155  |*i_0_0_110            |            0.721859|             0.375845|           0.017393|         1.115098
156  |*rt_shieldBuf__1      |            1.582253|             9.336715|           0.021438|        10.940406
157  |*rt_shieldBuf__1__1__0|            1.582053|             9.294108|           0.021438|        10.897599
158  |                      |                    |                     |                   |                 
159  |*TOTAL                |          564.156311|           301.728363|           3.098661|       868.983337
-----+----------------------+--------------------+---------------------+-------------------+-----------------
