Report Physical info: 
------------------------+-------------+-----------+------------
                        |             |Area (squm)|Leakage (uW)
------------------------+-------------+-----------+------------
Design Name             |homeSystem   |           |            
  Total Instances       |           44|         56|       0.266
    Macros              |            0|          0|       0.000
    Pads                |            0|          0|       0.000
    Phys                |            0|          0|       0.000
    Blackboxes          |            0|          0|       0.000
    Cells               |           44|         56|       0.266
      Buffers           |            0|          0|       0.000
      Inverters         |            9|          5|       0.025
      Clock-Gates       |            0|          0|       0.000
      Combinational     |           29|         30|       0.165
      Latches           |            3|          8|       0.026
      FlipFlops         |            3|         14|       0.050
       Single-Bit FF    |            3|         14|       0.050
       Multi-Bit FF     |            0|          0|       0.000
       Clock-Gated      |            0|           |            
       Bits             |            3|         14|       0.050
         Load-Enabled   |            0|           |            
         Clock-Gated    |            0|           |            
  Tristate Pin Count    |            0|           |            
Physical Info           |Placed       |           |            
  Chip Size (mm x mm)   |0.071 x 0.071|       5037|            
  Fixed Cell Area       |             |          0|            
    Phys Only           |            0|          0|            
  Placeable Area        |             |        106|            
  Movable Cell Area     |             |         56|            
  Utilization (%)       |           53|           |            
  Chip Utilization (%)  |           53|           |            
  Total Wire Length (mm)|        0.749|           |            
  Longest Wire (mm)     |        0.037|           |            
  Average Wire (mm)     |        0.036|           |            
------------------------+-------------+-----------+------------
