warning: No library characterized for (process = 1.00 voltage = 0.85 temperature = -40.00) can be found in the database for power domain '/PD_TOP'  [NL-174]
Report Power (instances with prefix '*' are included in total) : 
-----+------------------+--------------------+---------------------+-------------------+-----------------
     | Instance         | Internal Power(uw) | Switching Power(uw) | Leakage Power(uw) | Total Power(uw) 
-----+------------------+--------------------+---------------------+-------------------+-----------------
1    |*state_reg[2]     |            0.739497|             0.695897|           0.016704|         1.452098
2    |*state_reg[1]     |            0.745464|             1.608651|           0.016704|         2.370819
3    |*state_reg[0]     |            0.746046|             1.831207|           0.016704|         2.593956
4    |*next_state_reg[2]|            1.371912|             0.556794|           0.008508|         1.937215
5    |*next_state_reg[1]|            1.348209|             0.556794|           0.008508|         1.913512
6    |*next_state_reg[0]|            1.348344|             0.556794|           0.008508|         1.913647
7    |*i_0_0_0          |            0.383780|             2.484021|           0.005012|         2.872814
8    |*i_0_0_1          |            0.217995|             1.445264|           0.005012|         1.668271
9    |*i_0_0_2          |            0.106227|             0.314547|           0.006336|         0.427111
10   |*i_0_0_3          |            0.069478|             0.357579|           0.007124|         0.434181
11   |*i_0_0_4          |            0.298655|             2.927917|           0.002775|         3.229347
12   |*i_0_0_5          |            0.711473|             4.903883|           0.006839|         5.622196
13   |*i_0_0_6          |            0.255041|             0.334647|           0.006839|         0.596527
14   |*i_0_0_7          |            0.315725|             0.472532|           0.004505|         0.792762
15   |*i_0_0_8          |            0.540212|             1.215411|           0.006839|         1.762462
16   |*i_0_0_9          |            0.371549|             1.444459|           0.003931|         1.819940
17   |*i_0_0_10         |            0.112907|             1.002242|           0.005012|         1.120161
18   |*i_0_0_11         |            0.324725|             3.190976|           0.002775|         3.518477
19   |*i_0_0_12         |            0.690881|             5.327555|           0.005333|         6.023768
20   |*i_0_0_13         |            0.664770|             2.160731|           0.006839|         2.832340
21   |*i_0_0_14         |            0.191275|             0.295895|           0.006839|         0.494009
22   |*i_0_0_15         |            0.041294|             0.159867|           0.003931|         0.205092
23   |*i_0_0_16         |            0.260036|             1.310402|           0.006839|         1.577277
24   |*i_0_0_17         |            0.150116|             1.255828|           0.002775|         1.408719
25   |*i_0_0_18         |            0.270501|             3.250971|           0.007124|         3.528596
26   |*i_0_0_19         |            0.373300|             0.681059|           0.005012|         1.059371
27   |*i_0_0_20         |            0.196130|             0.267508|           0.005333|         0.468971
28   |*i_0_0_21         |            0.291334|             1.017749|           0.005012|         1.314095
29   |*i_0_0_22         |            0.333942|             0.995103|           0.002775|         1.331821
30   |*i_0_0_23         |            0.754397|             7.519380|           0.005333|         8.279109
31   |*i_0_0_24         |            0.429739|             0.446034|           0.004959|         0.880733
32   |*i_0_0_25         |            0.437627|             0.405961|           0.006336|         0.849924
33   |*i_0_0_26         |            0.811204|             1.491218|           0.004361|         2.306783
34   |*i_0_0_27         |            0.688092|             1.187835|           0.006839|         1.882766
35   |*i_0_0_28         |            0.678934|             0.681059|           0.005607|         1.365600
36   |*i_0_0_29         |            0.426244|             0.390308|           0.004959|         0.821511
37   |*i_0_0_30         |            0.689002|             0.297496|           0.005607|         0.992106
38   |*i_0_0_31         |            0.689002|             0.297496|           0.005607|         0.992106
39   |*i_0_0_32         |            0.689002|             0.297496|           0.005607|         0.992106
40   |*i_0_0_33         |            0.339557|             2.508205|           0.002775|         2.850538
41   |*i_0_0_34         |            0.339083|             2.924606|           0.002775|         3.266464
42   |*i_0_0_35         |            0.086454|             0.250353|           0.002775|         0.339582
43   |*i_0_0_36         |            0.086832|             0.473278|           0.002775|         0.562885
44   |*i_0_0_37         |            0.340350|             1.811569|           0.002775|         2.154695
45   |                  |                    |                     |                   |                 
46   |*TOTAL            |           20.956343|            63.604580|           0.265547|        84.826462
-----+------------------+--------------------+---------------------+-------------------+-----------------
