warning: No library characterized for (process = 1.00 voltage = 0.85 temperature = 25.00) can be found in the database for power domain '/PD_TOP'  [NL-174]
Report Power (instances with prefix '*' are included in total) : 
-----+------------------+--------------------+---------------------+-------------------+-----------------
     | Instance         | Internal Power(uw) | Switching Power(uw) | Leakage Power(uw) | Total Power(uw) 
-----+------------------+--------------------+---------------------+-------------------+-----------------
1    |*curr_state_reg[2]|            1.896076|             4.138084|           0.079112|         6.113273
2    |*curr_state_reg[1]|            2.044291|             5.355675|           0.079112|         7.479079
3    |*curr_state_reg[0]|            2.447450|             5.371686|           0.079112|         7.898249
4    |*display_reg[2]   |            2.862154|             0.000000|           0.040863|         2.903018
5    |*display_reg[1]   |            2.845523|             0.000000|           0.040863|         2.886386
6    |*display_reg[0]   |            2.804395|             0.000000|           0.040863|         2.845258
7    |*cooler_reg       |            2.880184|             0.000000|           0.040863|         2.921047
8    |*heater_reg       |            2.726120|             0.000000|           0.040863|         2.766984
9    |*alarmbuzz_reg    |            2.869271|             0.000000|           0.040863|         2.910134
10   |*winbuzz_reg      |            2.835484|             0.000000|           0.040863|         2.876347
11   |*rdoor_reg        |            2.831145|             0.000000|           0.040863|         2.872008
12   |*fdoor_reg        |            2.792892|             0.000000|           0.040863|         2.833756
13   |*i_0_0_0          |            0.752014|             0.273505|           0.025066|         1.050586
14   |*i_0_0_1          |            0.752014|             0.273505|           0.025066|         1.050586
15   |*i_0_0_2          |            0.752014|             0.273505|           0.025066|         1.050586
16   |*i_0_0_3          |            0.450577|             0.242500|           0.022619|         0.715697
17   |*i_0_0_4          |            0.070945|             0.038706|           0.026832|         0.136483
18   |*i_0_0_5          |            0.385383|             0.236179|           0.027858|         0.649421
19   |*i_0_0_6          |            0.237800|             0.098918|           0.032601|         0.369319
20   |*i_0_0_7          |            0.496938|             0.965389|           0.021200|         1.483526
21   |*i_0_0_8          |            0.854800|             1.081072|           0.017393|         1.953265
22   |*i_0_0_9          |            0.501496|             0.650184|           0.026832|         1.178512
23   |*i_0_0_10         |            0.432692|             0.228531|           0.022619|         0.683842
24   |*i_0_0_11         |            0.042764|             0.021315|           0.032601|         0.096681
25   |*i_0_0_12         |            0.495173|             0.563620|           0.032601|         1.091395
26   |*i_0_0_13         |            0.726402|             0.609237|           0.026481|         1.362120
27   |*i_0_0_14         |            0.880125|             4.319288|           0.022695|         5.222108
28   |*i_0_0_15         |            0.566715|             0.226073|           0.025066|         0.817854
29   |*i_0_0_16         |            0.115090|             0.621173|           0.017393|         0.753656
30   |*i_0_0_17         |            0.520095|             0.207928|           0.025066|         0.753089
31   |*i_0_0_18         |            0.566740|             0.333597|           0.021200|         0.921537
32   |*i_0_0_19         |            0.754448|             1.078907|           0.025066|         1.858421
33   |*i_0_0_20         |            0.459827|             0.243715|           0.034566|         0.738107
34   |*i_0_0_21         |            0.458456|             0.984117|           0.021200|         1.463773
35   |*i_0_0_22         |            0.209658|             0.098859|           0.032601|         0.341118
36   |*i_0_0_23         |            0.126208|             0.668422|           0.017393|         0.812023
37   |*i_0_0_24         |            0.437964|             1.201792|           0.021200|         1.660956
38   |*i_0_0_25         |            0.059294|             0.176284|           0.014353|         0.249931
39   |*i_0_0_26         |            0.086150|             1.442860|           0.017393|         1.546404
40   |*i_0_0_27         |            1.036263|             1.364221|           0.014353|         2.414838
41   |*i_0_0_28         |            1.028024|             1.472222|           0.014353|         2.514599
42   |*i_0_0_29         |            0.314640|             2.132606|           0.014353|         2.461599
43   |*i_0_0_30         |            0.462137|             6.452439|           0.021200|         6.935775
44   |                  |                    |                     |                   |                 
45   |*TOTAL            |           46.867825|            43.446114|           1.329395|        91.643326
-----+------------------+--------------------+---------------------+-------------------+-----------------
